[ 2016-10-28T13:00:40+08:00 ] 127.0.0.1 /Holland/NG-ThinkPHP/
INFO: [ app_init ] --START--
INFO: Run Behavior\BuildLiteBehavior [ RunTime:0.000022s ]
INFO: [ app_init ] --END-- [ RunTime:0.000778s ]
INFO: [ app_begin ] --START--
INFO: Run Behavior\ReadHtmlCacheBehavior [ RunTime:0.000926s ]
INFO: [ app_begin ] --END-- [ RunTime:0.001031s ]
SQL: SHOW COLUMNS FROM `photography` [ RunTime:0.1077s ]
SQL: SELECT * FROM `photography` WHERE ( deleted=0 and recommend=1 ) ORDER BY id desc LIMIT 4   [ RunTime:0.0094s ]
SQL: SELECT * FROM `photography` WHERE ( deleted=0 and dayphoto=0 ) ORDER BY clicknum desc LIMIT 6   [ RunTime:0.0004s ]
SQL: SELECT * FROM `photography` WHERE ( deleted=0 and dayphoto=0 ) ORDER BY pubtime desc LIMIT 9   [ RunTime:0.0004s ]
SQL: SELECT * FROM `photography` WHERE ( dayphoto=1 ) ORDER BY id desc LIMIT 15   [ RunTime:0.0004s ]
SQL: SHOW COLUMNS FROM `category` [ RunTime:0.0491s ]
SQL: SELECT * FROM `category` WHERE ( deleted=0 and isshow=1 ) ORDER BY ordernum asc LIMIT 10   [ RunTime:0.0004s ]
INFO: [ view_parse ] --START--
INFO: [ template_filter ] --START--
INFO: Run Behavior\ContentReplaceBehavior [ RunTime:0.000124s ]
INFO: [ template_filter ] --END-- [ RunTime:0.000224s ]
INFO: Run Behavior\ParseTemplateBehavior [ RunTime:0.086945s ]
INFO: [ view_parse ] --END-- [ RunTime:0.087061s ]
INFO: [ view_filter ] --START--
INFO: Run Behavior\WriteHtmlCacheBehavior [ RunTime:0.011888s ]
INFO: [ view_filter ] --END-- [ RunTime:0.011977s ]
INFO: [ app_end ] --START--
INFO: Run Behavior\ShowPageTraceBehavior [ RunTime:0.000827s ]
INFO: [ app_end ] --END-- [ RunTime:0.000902s ]

