[ 2016-10-18T11:21:55+08:00 ] 127.0.0.1 /Holland/NG-ThinkPHP/
INFO: [ app_init ] --START--
INFO: Run Behavior\BuildLiteBehavior [ RunTime:0.000023s ]
INFO: [ app_init ] --END-- [ RunTime:0.000477s ]
INFO: [ app_begin ] --START--
INFO: Run Behavior\ReadHtmlCacheBehavior [ RunTime:0.000476s ]
INFO: [ app_begin ] --END-- [ RunTime:0.000571s ]
SQL: SHOW COLUMNS FROM `photography` [ RunTime:0.0022s ]
SQL: SELECT * FROM `photography` WHERE ( deleted=0 and recommend=1 ) ORDER BY id desc LIMIT 4   [ RunTime:0.0005s ]
SQL: SELECT * FROM `photography` WHERE ( deleted=0 and dayphoto=0 ) ORDER BY id desc LIMIT 9   [ RunTime:0.0004s ]
SQL: SELECT * FROM `photography` WHERE ( dayphoto=1 ) ORDER BY id desc LIMIT 15   [ RunTime:0.0004s ]
SQL: SHOW COLUMNS FROM `category` [ RunTime:0.0022s ]
SQL: SELECT * FROM `category` WHERE ( deleted=0 ) ORDER BY ordernum asc  [ RunTime:0.0004s ]
INFO: [ view_parse ] --START--
INFO: [ template_filter ] --START--
INFO: Run Behavior\ContentReplaceBehavior [ RunTime:0.000142s ]
INFO: [ template_filter ] --END-- [ RunTime:0.000236s ]
INFO: Run Behavior\ParseTemplateBehavior [ RunTime:0.012607s ]
INFO: [ view_parse ] --END-- [ RunTime:0.012716s ]
INFO: [ view_filter ] --START--
INFO: Run Behavior\WriteHtmlCacheBehavior [ RunTime:0.000407s ]
INFO: [ view_filter ] --END-- [ RunTime:0.000490s ]
INFO: [ app_end ] --START--
INFO: Run Behavior\ShowPageTraceBehavior [ RunTime:0.000801s ]
INFO: [ app_end ] --END-- [ RunTime:0.001043s ]

[ 2016-10-18T11:22:29+08:00 ] 127.0.0.1 /Holland/NG-ThinkPHP/
INFO: [ app_init ] --START--
INFO: Run Behavior\BuildLiteBehavior [ RunTime:0.000022s ]
INFO: [ app_init ] --END-- [ RunTime:0.000400s ]
INFO: [ app_begin ] --START--
INFO: Run Behavior\ReadHtmlCacheBehavior [ RunTime:0.000459s ]
INFO: [ app_begin ] --END-- [ RunTime:0.000572s ]
SQL: SHOW COLUMNS FROM `photography` [ RunTime:0.0021s ]
SQL: SELECT * FROM `photography` WHERE ( deleted=0 and recommend=1 ) ORDER BY id desc LIMIT 4   [ RunTime:0.0004s ]
SQL: SELECT * FROM `photography` WHERE ( deleted=0 and dayphoto=0 ) ORDER BY id desc LIMIT 9   [ RunTime:0.0004s ]
SQL: SELECT * FROM `photography` WHERE ( dayphoto=1 ) ORDER BY id desc LIMIT 15   [ RunTime:0.0003s ]
SQL: SHOW COLUMNS FROM `category` [ RunTime:0.0022s ]
SQL: SELECT * FROM `category` WHERE ( deleted=0 ) ORDER BY ordernum asc  [ RunTime:0.0003s ]
INFO: [ view_parse ] --START--
INFO: [ template_filter ] --START--
INFO: Run Behavior\ContentReplaceBehavior [ RunTime:0.000123s ]
INFO: [ template_filter ] --END-- [ RunTime:0.000216s ]
INFO: Run Behavior\ParseTemplateBehavior [ RunTime:0.012257s ]
INFO: [ view_parse ] --END-- [ RunTime:0.012348s ]
INFO: [ view_filter ] --START--
INFO: Run Behavior\WriteHtmlCacheBehavior [ RunTime:0.000270s ]
INFO: [ view_filter ] --END-- [ RunTime:0.000345s ]
INFO: [ app_end ] --START--
INFO: Run Behavior\ShowPageTraceBehavior [ RunTime:0.000403s ]
INFO: [ app_end ] --END-- [ RunTime:0.000478s ]

[ 2016-10-18T11:22:51+08:00 ] 127.0.0.1 /Holland/NG-ThinkPHP/
INFO: [ app_init ] --START--
INFO: Run Behavior\BuildLiteBehavior [ RunTime:0.000020s ]
INFO: [ app_init ] --END-- [ RunTime:0.000413s ]
INFO: [ app_begin ] --START--
INFO: Run Behavior\ReadHtmlCacheBehavior [ RunTime:0.000456s ]
INFO: [ app_begin ] --END-- [ RunTime:0.000545s ]
SQL: SHOW COLUMNS FROM `photography` [ RunTime:0.0020s ]
SQL: SELECT * FROM `photography` WHERE ( deleted=0 and recommend=1 ) ORDER BY id desc LIMIT 4   [ RunTime:0.0003s ]
SQL: SELECT * FROM `photography` WHERE ( deleted=0 and dayphoto=0 ) ORDER BY id desc LIMIT 9   [ RunTime:0.0003s ]
SQL: SELECT * FROM `photography` WHERE ( dayphoto=1 ) ORDER BY id desc LIMIT 15   [ RunTime:0.0003s ]
SQL: SHOW COLUMNS FROM `category` [ RunTime:0.0018s ]
SQL: SELECT * FROM `category` WHERE ( deleted=0 ) ORDER BY ordernum asc  [ RunTime:0.0003s ]
INFO: [ view_parse ] --START--
INFO: [ template_filter ] --START--
INFO: Run Behavior\ContentReplaceBehavior [ RunTime:0.000193s ]
INFO: [ template_filter ] --END-- [ RunTime:0.000342s ]
INFO: Run Behavior\ParseTemplateBehavior [ RunTime:0.014207s ]
INFO: [ view_parse ] --END-- [ RunTime:0.014310s ]
INFO: [ view_filter ] --START--
INFO: Run Behavior\WriteHtmlCacheBehavior [ RunTime:0.000235s ]
INFO: [ view_filter ] --END-- [ RunTime:0.000310s ]
INFO: [ app_end ] --START--
INFO: Run Behavior\ShowPageTraceBehavior [ RunTime:0.000473s ]
INFO: [ app_end ] --END-- [ RunTime:0.000546s ]

[ 2016-10-18T13:13:25+08:00 ] 127.0.0.1 /Holland/NG-ThinkPHP/
INFO: [ app_init ] --START--
INFO: Run Behavior\BuildLiteBehavior [ RunTime:0.000024s ]
INFO: [ app_init ] --END-- [ RunTime:0.000435s ]
INFO: [ app_begin ] --START--
INFO: Run Behavior\ReadHtmlCacheBehavior [ RunTime:0.000581s ]
INFO: [ app_begin ] --END-- [ RunTime:0.000681s ]
SQL: SHOW COLUMNS FROM `photography` [ RunTime:0.0033s ]
SQL: SELECT * FROM `photography` WHERE ( deleted=0 and recommend=1 ) ORDER BY id desc LIMIT 4   [ RunTime:0.0007s ]
SQL: SELECT * FROM `photography` WHERE ( deleted=0 and dayphoto=0 ) ORDER BY id desc LIMIT 9   [ RunTime:0.0006s ]
SQL: SELECT * FROM `photography` WHERE ( dayphoto=1 ) ORDER BY id desc LIMIT 15   [ RunTime:0.0005s ]
SQL: SHOW COLUMNS FROM `category` [ RunTime:0.0029s ]
SQL: SELECT * FROM `category` WHERE ( deleted=0 ) ORDER BY ordernum asc  [ RunTime:0.0005s ]
INFO: [ view_parse ] --START--
INFO: [ template_filter ] --START--
INFO: Run Behavior\ContentReplaceBehavior [ RunTime:0.000199s ]
INFO: [ template_filter ] --END-- [ RunTime:0.000391s ]
INFO: Run Behavior\ParseTemplateBehavior [ RunTime:0.015526s ]
INFO: [ view_parse ] --END-- [ RunTime:0.015672s ]
INFO: [ view_filter ] --START--
INFO: Run Behavior\WriteHtmlCacheBehavior [ RunTime:0.000346s ]
INFO: [ view_filter ] --END-- [ RunTime:0.000436s ]
INFO: [ app_end ] --START--
INFO: Run Behavior\ShowPageTraceBehavior [ RunTime:0.000473s ]
INFO: [ app_end ] --END-- [ RunTime:0.000558s ]

[ 2016-10-18T18:13:49+08:00 ] 127.0.0.1 /Holland/NG-ThinkPHP/
INFO: [ app_init ] --START--
INFO: Run Behavior\BuildLiteBehavior [ RunTime:0.000031s ]
INFO: [ app_init ] --END-- [ RunTime:0.000622s ]
INFO: [ app_begin ] --START--
INFO: Run Behavior\ReadHtmlCacheBehavior [ RunTime:0.000702s ]
INFO: [ app_begin ] --END-- [ RunTime:0.000819s ]
SQL: SHOW COLUMNS FROM `photography` [ RunTime:0.0026s ]
SQL: SELECT * FROM `photography` WHERE ( deleted=0 and recommend=1 ) ORDER BY id desc LIMIT 4   [ RunTime:0.0003s ]
SQL: SELECT * FROM `photography` WHERE ( deleted=0 and dayphoto=0 ) ORDER BY id desc LIMIT 9   [ RunTime:0.0003s ]
SQL: SELECT * FROM `photography` WHERE ( dayphoto=1 ) ORDER BY id desc LIMIT 15   [ RunTime:0.0003s ]
SQL: SHOW COLUMNS FROM `category` [ RunTime:0.0025s ]
SQL: SELECT * FROM `category` WHERE ( deleted=0 ) ORDER BY ordernum asc  [ RunTime:0.0003s ]
INFO: [ view_parse ] --START--
INFO: [ template_filter ] --START--
INFO: Run Behavior\ContentReplaceBehavior [ RunTime:0.000119s ]
INFO: [ template_filter ] --END-- [ RunTime:0.000241s ]
INFO: Run Behavior\ParseTemplateBehavior [ RunTime:0.013623s ]
INFO: [ view_parse ] --END-- [ RunTime:0.013718s ]
INFO: [ view_filter ] --START--
INFO: Run Behavior\WriteHtmlCacheBehavior [ RunTime:0.000331s ]
INFO: [ view_filter ] --END-- [ RunTime:0.000406s ]
INFO: [ app_end ] --START--
INFO: Run Behavior\ShowPageTraceBehavior [ RunTime:0.000503s ]
INFO: [ app_end ] --END-- [ RunTime:0.000579s ]

