[ 2016-10-25T14:37:09+08:00 ] 127.0.0.1 /Holland/NG-ThinkPHP/
INFO: [ app_init ] --START--
INFO: Run Behavior\BuildLiteBehavior [ RunTime:0.000020s ]
INFO: [ app_init ] --END-- [ RunTime:0.000630s ]
INFO: [ app_begin ] --START--
INFO: Run Behavior\ReadHtmlCacheBehavior [ RunTime:0.000725s ]
INFO: [ app_begin ] --END-- [ RunTime:0.000822s ]
SQL: SHOW COLUMNS FROM `photography` [ RunTime:0.0320s ]
SQL: SELECT * FROM `photography` WHERE ( deleted=0 and recommend=1 ) ORDER BY id desc LIMIT 4   [ RunTime:0.0005s ]
SQL: SELECT * FROM `photography` WHERE ( deleted=0 and dayphoto=0 ) ORDER BY clicknum desc LIMIT 6   [ RunTime:0.0004s ]
SQL: SELECT * FROM `photography` WHERE ( deleted=0 and dayphoto=0 ) ORDER BY pubtime desc LIMIT 9   [ RunTime:0.0003s ]
SQL: SELECT * FROM `photography` WHERE ( dayphoto=1 ) ORDER BY id desc LIMIT 15   [ RunTime:0.0004s ]
SQL: SHOW COLUMNS FROM `category` [ RunTime:0.0364s ]
SQL: SELECT * FROM `category` WHERE ( deleted=0 and isshow=1 ) ORDER BY ordernum asc LIMIT 10   [ RunTime:0.0004s ]
INFO: [ view_parse ] --START--
INFO: [ template_filter ] --START--
INFO: Run Behavior\ContentReplaceBehavior [ RunTime:0.000120s ]
INFO: [ template_filter ] --END-- [ RunTime:0.000211s ]
INFO: Run Behavior\ParseTemplateBehavior [ RunTime:0.028244s ]
INFO: [ view_parse ] --END-- [ RunTime:0.028337s ]
INFO: [ view_filter ] --START--
INFO: Run Behavior\WriteHtmlCacheBehavior [ RunTime:0.000533s ]
INFO: [ view_filter ] --END-- [ RunTime:0.000607s ]
INFO: [ app_end ] --START--
INFO: Run Behavior\ShowPageTraceBehavior [ RunTime:0.000711s ]
INFO: [ app_end ] --END-- [ RunTime:0.000787s ]

