[ 2016-10-21T11:00:11+08:00 ] 127.0.0.1 /Holland/NG-ThinkPHP/
INFO: [ app_init ] --START--
INFO: Run Behavior\BuildLiteBehavior [ RunTime:0.000019s ]
INFO: [ app_init ] --END-- [ RunTime:0.000471s ]
INFO: [ app_begin ] --START--
INFO: Run Behavior\ReadHtmlCacheBehavior [ RunTime:0.000532s ]
INFO: [ app_begin ] --END-- [ RunTime:0.000634s ]
SQL: SHOW COLUMNS FROM `photography` [ RunTime:0.0417s ]
SQL: SELECT * FROM `photography` WHERE ( deleted=0 and recommend=1 ) ORDER BY id desc LIMIT 4   [ RunTime:0.0004s ]
SQL: SELECT * FROM `photography` WHERE ( deleted=0 and dayphoto=0 ) ORDER BY clicknum desc LIMIT 6   [ RunTime:0.0003s ]
SQL: SELECT * FROM `photography` WHERE ( deleted=0 and dayphoto=0 ) ORDER BY pubtime desc LIMIT 9   [ RunTime:0.0003s ]
SQL: SELECT * FROM `photography` WHERE ( dayphoto=1 ) ORDER BY id desc LIMIT 15   [ RunTime:0.0003s ]
SQL: SHOW COLUMNS FROM `category` [ RunTime:0.0145s ]
SQL: SELECT * FROM `category` WHERE ( deleted=0 and isshow=1 ) ORDER BY ordernum asc LIMIT 10   [ RunTime:0.0003s ]
INFO: [ view_parse ] --START--
INFO: [ template_filter ] --START--
INFO: Run Behavior\ContentReplaceBehavior [ RunTime:0.000178s ]
INFO: [ template_filter ] --END-- [ RunTime:0.000334s ]
INFO: Run Behavior\ParseTemplateBehavior [ RunTime:0.013596s ]
INFO: [ view_parse ] --END-- [ RunTime:0.013695s ]
INFO: [ view_filter ] --START--
INFO: Run Behavior\WriteHtmlCacheBehavior [ RunTime:0.000305s ]
INFO: [ view_filter ] --END-- [ RunTime:0.000374s ]
INFO: [ app_end ] --START--
INFO: Run Behavior\ShowPageTraceBehavior [ RunTime:0.000455s ]
INFO: [ app_end ] --END-- [ RunTime:0.000527s ]

[ 2016-10-21T17:07:39+08:00 ] 127.0.0.1 /Holland/NG-ThinkPHP/
INFO: [ app_init ] --START--
INFO: Run Behavior\BuildLiteBehavior [ RunTime:0.000020s ]
INFO: [ app_init ] --END-- [ RunTime:0.000483s ]
INFO: [ app_begin ] --START--
INFO: Run Behavior\ReadHtmlCacheBehavior [ RunTime:0.000530s ]
INFO: [ app_begin ] --END-- [ RunTime:0.000617s ]
SQL: SHOW COLUMNS FROM `photography` [ RunTime:0.0027s ]
SQL: SELECT * FROM `photography` WHERE ( deleted=0 and recommend=1 ) ORDER BY id desc LIMIT 4   [ RunTime:0.0003s ]
SQL: SELECT * FROM `photography` WHERE ( deleted=0 and dayphoto=0 ) ORDER BY clicknum desc LIMIT 6   [ RunTime:0.0003s ]
SQL: SELECT * FROM `photography` WHERE ( deleted=0 and dayphoto=0 ) ORDER BY pubtime desc LIMIT 9   [ RunTime:0.0004s ]
SQL: SELECT * FROM `photography` WHERE ( dayphoto=1 ) ORDER BY id desc LIMIT 15   [ RunTime:0.0002s ]
SQL: SHOW COLUMNS FROM `category` [ RunTime:0.0024s ]
SQL: SELECT * FROM `category` WHERE ( deleted=0 and isshow=1 ) ORDER BY ordernum asc LIMIT 10   [ RunTime:0.0002s ]
INFO: [ view_parse ] --START--
INFO: [ template_filter ] --START--
INFO: Run Behavior\ContentReplaceBehavior [ RunTime:0.000120s ]
INFO: [ template_filter ] --END-- [ RunTime:0.000209s ]
INFO: Run Behavior\ParseTemplateBehavior [ RunTime:0.012748s ]
INFO: [ view_parse ] --END-- [ RunTime:0.012845s ]
INFO: [ view_filter ] --START--
INFO: Run Behavior\WriteHtmlCacheBehavior [ RunTime:0.000302s ]
INFO: [ view_filter ] --END-- [ RunTime:0.000372s ]
INFO: [ app_end ] --START--
INFO: Run Behavior\ShowPageTraceBehavior [ RunTime:0.000449s ]
INFO: [ app_end ] --END-- [ RunTime:0.000523s ]

