[ 2016-10-16T00:00:07+08:00 ] 127.0.0.1 /NG-ThinkPHP/
INFO: [ app_init ] --START--
INFO: Run Behavior\BuildLiteBehavior [ RunTime:0.000099s ]
INFO: [ app_init ] --END-- [ RunTime:0.003045s ]
INFO: [ app_begin ] --START--
INFO: Run Behavior\ReadHtmlCacheBehavior [ RunTime:0.003087s ]
INFO: [ app_begin ] --END-- [ RunTime:0.003502s ]
INFO: [ view_parse ] --START--
INFO: Run Behavior\ParseTemplateBehavior [ RunTime:0.002746s ]
INFO: [ view_parse ] --END-- [ RunTime:0.003218s ]
INFO: [ view_filter ] --START--
INFO: Run Behavior\WriteHtmlCacheBehavior [ RunTime:0.001971s ]
INFO: [ view_filter ] --END-- [ RunTime:0.002341s ]
INFO: [ app_end ] --START--
INFO: Run Behavior\ShowPageTraceBehavior [ RunTime:0.002543s ]
INFO: [ app_end ] --END-- [ RunTime:0.002937s ]

[ 2016-10-16T12:24:09+08:00 ] 127.0.0.1 /NG-ThinkPHP/
INFO: [ app_init ] --START--
INFO: Run Behavior\BuildLiteBehavior [ RunTime:0.000111s ]
INFO: [ app_init ] --END-- [ RunTime:0.003826s ]
INFO: [ app_begin ] --START--
INFO: Run Behavior\ReadHtmlCacheBehavior [ RunTime:0.002949s ]
INFO: [ app_begin ] --END-- [ RunTime:0.003386s ]
INFO: [ view_parse ] --START--
INFO: Run Behavior\ParseTemplateBehavior [ RunTime:0.002849s ]
INFO: [ view_parse ] --END-- [ RunTime:0.003342s ]
INFO: [ view_filter ] --START--
INFO: Run Behavior\WriteHtmlCacheBehavior [ RunTime:0.002549s ]
INFO: [ view_filter ] --END-- [ RunTime:0.003024s ]
INFO: [ app_end ] --START--
INFO: Run Behavior\ShowPageTraceBehavior [ RunTime:0.003117s ]
INFO: [ app_end ] --END-- [ RunTime:0.003553s ]

[ 2016-10-16T18:22:51+08:00 ] 127.0.0.1 /NG-ThinkPHP/
INFO: [ app_init ] --START--
INFO: Run Behavior\BuildLiteBehavior [ RunTime:0.000098s ]
INFO: [ app_init ] --END-- [ RunTime:0.002513s ]
INFO: [ app_begin ] --START--
INFO: Run Behavior\ReadHtmlCacheBehavior [ RunTime:0.003642s ]
INFO: [ app_begin ] --END-- [ RunTime:0.004160s ]
INFO: [ view_parse ] --START--
INFO: Run Behavior\ParseTemplateBehavior [ RunTime:0.004944s ]
INFO: [ view_parse ] --END-- [ RunTime:0.005553s ]
INFO: [ view_filter ] --START--
INFO: Run Behavior\WriteHtmlCacheBehavior [ RunTime:0.002663s ]
INFO: [ view_filter ] --END-- [ RunTime:0.003210s ]
INFO: [ app_end ] --START--
INFO: Run Behavior\ShowPageTraceBehavior [ RunTime:0.003884s ]
INFO: [ app_end ] --END-- [ RunTime:0.004404s ]

[ 2016-10-16T20:23:10+08:00 ] 127.0.0.1 /NG-ThinkPHP/
INFO: [ app_init ] --START--
INFO: Run Behavior\BuildLiteBehavior [ RunTime:0.000130s ]
INFO: [ app_init ] --END-- [ RunTime:0.003538s ]
INFO: [ app_begin ] --START--
INFO: Run Behavior\ReadHtmlCacheBehavior [ RunTime:0.002909s ]
INFO: [ app_begin ] --END-- [ RunTime:0.003476s ]
INFO: [ view_parse ] --START--
ERR: 模板不存在:./Application/Home/View/Layout/layout.html

[ 2016-10-16T20:26:10+08:00 ] 127.0.0.1 /NG-ThinkPHP/
INFO: [ app_init ] --START--
INFO: Run Behavior\BuildLiteBehavior [ RunTime:0.000095s ]
INFO: [ app_init ] --END-- [ RunTime:0.002079s ]
INFO: [ app_begin ] --START--
INFO: Run Behavior\ReadHtmlCacheBehavior [ RunTime:0.002914s ]
INFO: [ app_begin ] --END-- [ RunTime:0.003390s ]
INFO: [ view_parse ] --START--
INFO: [ template_filter ] --START--
INFO: Run Behavior\ContentReplaceBehavior [ RunTime:0.001274s ]
INFO: [ template_filter ] --END-- [ RunTime:0.001895s ]
NOTIC: [8] Use of undefined constant BASE_URL - assumed 'BASE_URL' D:\PHP\www\NG-ThinkPHP\Application\Runtime\Cache\Home\2a94b8bda04ff446dcedd42276fc99ee.php 第 8 行.
NOTIC: [8] Use of undefined constant BASE_URL - assumed 'BASE_URL' D:\PHP\www\NG-ThinkPHP\Application\Runtime\Cache\Home\2a94b8bda04ff446dcedd42276fc99ee.php 第 9 行.
NOTIC: [8] Use of undefined constant BASE_URL - assumed 'BASE_URL' D:\PHP\www\NG-ThinkPHP\Application\Runtime\Cache\Home\2a94b8bda04ff446dcedd42276fc99ee.php 第 11 行.
NOTIC: [8] Use of undefined constant ROOT - assumed 'ROOT' D:\PHP\www\NG-ThinkPHP\Application\Runtime\Cache\Home\2a94b8bda04ff446dcedd42276fc99ee.php 第 27 行.
NOTIC: [2] include(ROOTpublic/header.php) [<a href='function.include'>function.include</a>]: failed to open stream: No such file or directory D:\PHP\www\NG-ThinkPHP\Application\Runtime\Cache\Home\2a94b8bda04ff446dcedd42276fc99ee.php 第 27 行.
NOTIC: [2] include() [<a href='function.include'>function.include</a>]: Failed opening 'ROOTpublic/header.php' for inclusion (include_path='.;C:\php\pear') D:\PHP\www\NG-ThinkPHP\Application\Runtime\Cache\Home\2a94b8bda04ff446dcedd42276fc99ee.php 第 27 行.
NOTIC: [8] Use of undefined constant BASE_URL - assumed 'BASE_URL' D:\PHP\www\NG-ThinkPHP\Application\Runtime\Cache\Home\2a94b8bda04ff446dcedd42276fc99ee.php 第 172 行.
NOTIC: [8] Use of undefined constant BASE_URL - assumed 'BASE_URL' D:\PHP\www\NG-ThinkPHP\Application\Runtime\Cache\Home\2a94b8bda04ff446dcedd42276fc99ee.php 第 172 行.
NOTIC: [8] Use of undefined constant BASE_URL - assumed 'BASE_URL' D:\PHP\www\NG-ThinkPHP\Application\Runtime\Cache\Home\2a94b8bda04ff446dcedd42276fc99ee.php 第 364 行.
NOTIC: [8] Use of undefined constant BASE_URL - assumed 'BASE_URL' D:\PHP\www\NG-ThinkPHP\Application\Runtime\Cache\Home\2a94b8bda04ff446dcedd42276fc99ee.php 第 369 行.
NOTIC: [8] Use of undefined constant ROOT - assumed 'ROOT' D:\PHP\www\NG-ThinkPHP\Application\Runtime\Cache\Home\2a94b8bda04ff446dcedd42276fc99ee.php 第 381 行.
NOTIC: [2] include(ROOTpublic/footer.php) [<a href='function.include'>function.include</a>]: failed to open stream: No such file or directory D:\PHP\www\NG-ThinkPHP\Application\Runtime\Cache\Home\2a94b8bda04ff446dcedd42276fc99ee.php 第 381 行.
NOTIC: [2] include() [<a href='function.include'>function.include</a>]: Failed opening 'ROOTpublic/footer.php' for inclusion (include_path='.;C:\php\pear') D:\PHP\www\NG-ThinkPHP\Application\Runtime\Cache\Home\2a94b8bda04ff446dcedd42276fc99ee.php 第 381 行.
INFO: Run Behavior\ParseTemplateBehavior [ RunTime:0.071722s ]
INFO: [ view_parse ] --END-- [ RunTime:0.072210s ]
INFO: [ view_filter ] --START--
INFO: Run Behavior\WriteHtmlCacheBehavior [ RunTime:0.001833s ]
INFO: [ view_filter ] --END-- [ RunTime:0.002232s ]
INFO: [ app_end ] --START--
INFO: Run Behavior\ShowPageTraceBehavior [ RunTime:0.002667s ]
INFO: [ app_end ] --END-- [ RunTime:0.003109s ]

[ 2016-10-16T20:28:02+08:00 ] 127.0.0.1 /NG-ThinkPHP/
INFO: [ app_init ] --START--
INFO: Run Behavior\BuildLiteBehavior [ RunTime:0.000099s ]
INFO: [ app_init ] --END-- [ RunTime:0.002320s ]
INFO: [ app_begin ] --START--
INFO: Run Behavior\ReadHtmlCacheBehavior [ RunTime:0.002419s ]
INFO: [ app_begin ] --END-- [ RunTime:0.002840s ]
INFO: [ view_parse ] --START--
INFO: [ template_filter ] --START--
INFO: Run Behavior\ContentReplaceBehavior [ RunTime:0.000995s ]
INFO: [ template_filter ] --END-- [ RunTime:0.001487s ]
NOTIC: [8] Use of undefined constant ROOT - assumed 'ROOT' D:\PHP\www\NG-ThinkPHP\Application\Runtime\Cache\Home\2a94b8bda04ff446dcedd42276fc99ee.php 第 27 行.
NOTIC: [2] include(ROOTpublic/header.php) [<a href='function.include'>function.include</a>]: failed to open stream: No such file or directory D:\PHP\www\NG-ThinkPHP\Application\Runtime\Cache\Home\2a94b8bda04ff446dcedd42276fc99ee.php 第 27 行.
NOTIC: [2] include() [<a href='function.include'>function.include</a>]: Failed opening 'ROOTpublic/header.php' for inclusion (include_path='.;C:\php\pear') D:\PHP\www\NG-ThinkPHP\Application\Runtime\Cache\Home\2a94b8bda04ff446dcedd42276fc99ee.php 第 27 行.
NOTIC: [8] Use of undefined constant BASE_URL - assumed 'BASE_URL' D:\PHP\www\NG-ThinkPHP\Application\Runtime\Cache\Home\2a94b8bda04ff446dcedd42276fc99ee.php 第 172 行.
NOTIC: [8] Use of undefined constant BASE_URL - assumed 'BASE_URL' D:\PHP\www\NG-ThinkPHP\Application\Runtime\Cache\Home\2a94b8bda04ff446dcedd42276fc99ee.php 第 364 行.
NOTIC: [8] Use of undefined constant BASE_URL - assumed 'BASE_URL' D:\PHP\www\NG-ThinkPHP\Application\Runtime\Cache\Home\2a94b8bda04ff446dcedd42276fc99ee.php 第 369 行.
NOTIC: [8] Use of undefined constant ROOT - assumed 'ROOT' D:\PHP\www\NG-ThinkPHP\Application\Runtime\Cache\Home\2a94b8bda04ff446dcedd42276fc99ee.php 第 381 行.
NOTIC: [2] include(ROOTpublic/footer.php) [<a href='function.include'>function.include</a>]: failed to open stream: No such file or directory D:\PHP\www\NG-ThinkPHP\Application\Runtime\Cache\Home\2a94b8bda04ff446dcedd42276fc99ee.php 第 381 行.
NOTIC: [2] include() [<a href='function.include'>function.include</a>]: Failed opening 'ROOTpublic/footer.php' for inclusion (include_path='.;C:\php\pear') D:\PHP\www\NG-ThinkPHP\Application\Runtime\Cache\Home\2a94b8bda04ff446dcedd42276fc99ee.php 第 381 行.
INFO: Run Behavior\ParseTemplateBehavior [ RunTime:0.065137s ]
INFO: [ view_parse ] --END-- [ RunTime:0.065648s ]
INFO: [ view_filter ] --START--
INFO: Run Behavior\WriteHtmlCacheBehavior [ RunTime:0.001426s ]
INFO: [ view_filter ] --END-- [ RunTime:0.001861s ]
INFO: [ app_end ] --START--
INFO: Run Behavior\ShowPageTraceBehavior [ RunTime:0.002836s ]
INFO: [ app_end ] --END-- [ RunTime:0.003284s ]

[ 2016-10-16T20:42:41+08:00 ] 127.0.0.1 /NG-ThinkPHP/
INFO: [ app_init ] --START--
INFO: Run Behavior\BuildLiteBehavior [ RunTime:0.000086s ]
INFO: [ app_init ] --END-- [ RunTime:0.001929s ]
INFO: [ app_begin ] --START--
INFO: Run Behavior\ReadHtmlCacheBehavior [ RunTime:0.002946s ]
INFO: [ app_begin ] --END-- [ RunTime:0.003629s ]
INFO: [ view_parse ] --START--
INFO: [ template_filter ] --START--
INFO: Run Behavior\ContentReplaceBehavior [ RunTime:0.001905s ]
INFO: [ template_filter ] --END-- [ RunTime:0.002487s ]
NOTIC: [8] Use of undefined constant BASE_URL - assumed 'BASE_URL' D:\PHP\www\NG-ThinkPHP\Application\Runtime\Cache\Home\2a94b8bda04ff446dcedd42276fc99ee.php 第 29 行.
NOTIC: [8] Use of undefined constant BASE_URL - assumed 'BASE_URL' D:\PHP\www\NG-ThinkPHP\Application\Runtime\Cache\Home\2a94b8bda04ff446dcedd42276fc99ee.php 第 42 行.
NOTIC: [8] Use of undefined constant BASE_URL - assumed 'BASE_URL' D:\PHP\www\NG-ThinkPHP\Application\Runtime\Cache\Home\2a94b8bda04ff446dcedd42276fc99ee.php 第 48 行.
NOTIC: [8] Use of undefined constant BASE_URL - assumed 'BASE_URL' D:\PHP\www\NG-ThinkPHP\Application\Runtime\Cache\Home\2a94b8bda04ff446dcedd42276fc99ee.php 第 68 行.
NOTIC: [8] Use of undefined constant BASE_URL - assumed 'BASE_URL' D:\PHP\www\NG-ThinkPHP\Application\Runtime\Cache\Home\2a94b8bda04ff446dcedd42276fc99ee.php 第 318 行.
NOTIC: [8] Use of undefined constant BASE_URL - assumed 'BASE_URL' D:\PHP\www\NG-ThinkPHP\Application\Runtime\Cache\Home\2a94b8bda04ff446dcedd42276fc99ee.php 第 510 行.
NOTIC: [8] Use of undefined constant BASE_URL - assumed 'BASE_URL' D:\PHP\www\NG-ThinkPHP\Application\Runtime\Cache\Home\2a94b8bda04ff446dcedd42276fc99ee.php 第 515 行.
NOTIC: [8] Use of undefined constant ROOT - assumed 'ROOT' D:\PHP\www\NG-ThinkPHP\Application\Runtime\Cache\Home\2a94b8bda04ff446dcedd42276fc99ee.php 第 527 行.
NOTIC: [2] include(ROOTpublic/footer.php) [<a href='function.include'>function.include</a>]: failed to open stream: No such file or directory D:\PHP\www\NG-ThinkPHP\Application\Runtime\Cache\Home\2a94b8bda04ff446dcedd42276fc99ee.php 第 527 行.
NOTIC: [2] include() [<a href='function.include'>function.include</a>]: Failed opening 'ROOTpublic/footer.php' for inclusion (include_path='.;C:\php\pear') D:\PHP\www\NG-ThinkPHP\Application\Runtime\Cache\Home\2a94b8bda04ff446dcedd42276fc99ee.php 第 527 行.
INFO: Run Behavior\ParseTemplateBehavior [ RunTime:0.078030s ]
INFO: [ view_parse ] --END-- [ RunTime:0.078526s ]
INFO: [ view_filter ] --START--
INFO: Run Behavior\WriteHtmlCacheBehavior [ RunTime:0.001639s ]
INFO: [ view_filter ] --END-- [ RunTime:0.002035s ]
INFO: [ app_end ] --START--
INFO: Run Behavior\ShowPageTraceBehavior [ RunTime:0.003939s ]
INFO: [ app_end ] --END-- [ RunTime:0.004362s ]

[ 2016-10-16T20:48:05+08:00 ] 127.0.0.1 /NG-ThinkPHP/
INFO: [ app_init ] --START--
INFO: Run Behavior\BuildLiteBehavior [ RunTime:0.000108s ]
INFO: [ app_init ] --END-- [ RunTime:0.003013s ]
INFO: [ app_begin ] --START--
INFO: Run Behavior\ReadHtmlCacheBehavior [ RunTime:0.004141s ]
INFO: [ app_begin ] --END-- [ RunTime:0.004779s ]
INFO: [ view_parse ] --START--
INFO: [ template_filter ] --START--
INFO: Run Behavior\ContentReplaceBehavior [ RunTime:0.002311s ]
INFO: [ template_filter ] --END-- [ RunTime:0.003548s ]
NOTIC: [8] Use of undefined constant BASE_URL - assumed 'BASE_URL' D:\PHP\www\NG-ThinkPHP\Application\Runtime\Cache\Home\2a94b8bda04ff446dcedd42276fc99ee.php 第 318 行.
NOTIC: [8] Use of undefined constant BASE_URL - assumed 'BASE_URL' D:\PHP\www\NG-ThinkPHP\Application\Runtime\Cache\Home\2a94b8bda04ff446dcedd42276fc99ee.php 第 510 行.
NOTIC: [8] Use of undefined constant BASE_URL - assumed 'BASE_URL' D:\PHP\www\NG-ThinkPHP\Application\Runtime\Cache\Home\2a94b8bda04ff446dcedd42276fc99ee.php 第 515 行.
NOTIC: [8] Use of undefined constant ROOT - assumed 'ROOT' D:\PHP\www\NG-ThinkPHP\Application\Runtime\Cache\Home\2a94b8bda04ff446dcedd42276fc99ee.php 第 527 行.
NOTIC: [2] include(ROOTpublic/footer.php) [<a href='function.include'>function.include</a>]: failed to open stream: No such file or directory D:\PHP\www\NG-ThinkPHP\Application\Runtime\Cache\Home\2a94b8bda04ff446dcedd42276fc99ee.php 第 527 行.
NOTIC: [2] include() [<a href='function.include'>function.include</a>]: Failed opening 'ROOTpublic/footer.php' for inclusion (include_path='.;C:\php\pear') D:\PHP\www\NG-ThinkPHP\Application\Runtime\Cache\Home\2a94b8bda04ff446dcedd42276fc99ee.php 第 527 行.
INFO: Run Behavior\ParseTemplateBehavior [ RunTime:0.083960s ]
INFO: [ view_parse ] --END-- [ RunTime:0.084448s ]
INFO: [ view_filter ] --START--
INFO: Run Behavior\WriteHtmlCacheBehavior [ RunTime:0.005139s ]
INFO: [ view_filter ] --END-- [ RunTime:0.006027s ]
INFO: [ app_end ] --START--
INFO: Run Behavior\ShowPageTraceBehavior [ RunTime:0.002769s ]
INFO: [ app_end ] --END-- [ RunTime:0.003180s ]

[ 2016-10-16T20:48:54+08:00 ] 127.0.0.1 /NG-ThinkPHP/
INFO: [ app_init ] --START--
INFO: Run Behavior\BuildLiteBehavior [ RunTime:0.000096s ]
INFO: [ app_init ] --END-- [ RunTime:0.002419s ]
INFO: [ app_begin ] --START--
INFO: Run Behavior\ReadHtmlCacheBehavior [ RunTime:0.002688s ]
INFO: [ app_begin ] --END-- [ RunTime:0.003171s ]
INFO: [ view_parse ] --START--
INFO: [ template_filter ] --START--
INFO: Run Behavior\ContentReplaceBehavior [ RunTime:0.001565s ]
INFO: [ template_filter ] --END-- [ RunTime:0.002165s ]
NOTIC: [8] Use of undefined constant BASE_URL - assumed 'BASE_URL' D:\PHP\www\NG-ThinkPHP\Application\Runtime\Cache\Home\2a94b8bda04ff446dcedd42276fc99ee.php 第 318 行.
NOTIC: [8] Use of undefined constant BASE_URL - assumed 'BASE_URL' D:\PHP\www\NG-ThinkPHP\Application\Runtime\Cache\Home\2a94b8bda04ff446dcedd42276fc99ee.php 第 510 行.
NOTIC: [8] Use of undefined constant BASE_URL - assumed 'BASE_URL' D:\PHP\www\NG-ThinkPHP\Application\Runtime\Cache\Home\2a94b8bda04ff446dcedd42276fc99ee.php 第 515 行.
NOTIC: [8] Use of undefined constant BASE_URL - assumed 'BASE_URL' D:\PHP\www\NG-ThinkPHP\Application\Runtime\Cache\Home\2a94b8bda04ff446dcedd42276fc99ee.php 第 528 行.
NOTIC: [8] Use of undefined constant BASE_URL - assumed 'BASE_URL' D:\PHP\www\NG-ThinkPHP\Application\Runtime\Cache\Home\2a94b8bda04ff446dcedd42276fc99ee.php 第 538 行.
INFO: Run Behavior\ParseTemplateBehavior [ RunTime:0.081582s ]
INFO: [ view_parse ] --END-- [ RunTime:0.082053s ]
INFO: [ view_filter ] --START--
INFO: Run Behavior\WriteHtmlCacheBehavior [ RunTime:0.002092s ]
INFO: [ view_filter ] --END-- [ RunTime:0.002507s ]
INFO: [ app_end ] --START--
INFO: Run Behavior\ShowPageTraceBehavior [ RunTime:0.002962s ]
INFO: [ app_end ] --END-- [ RunTime:0.003388s ]

[ 2016-10-16T20:49:37+08:00 ] 127.0.0.1 /NG-ThinkPHP/
INFO: [ app_init ] --START--
INFO: Run Behavior\BuildLiteBehavior [ RunTime:0.000109s ]
INFO: [ app_init ] --END-- [ RunTime:0.004087s ]
INFO: [ app_begin ] --START--
INFO: Run Behavior\ReadHtmlCacheBehavior [ RunTime:0.003613s ]
INFO: [ app_begin ] --END-- [ RunTime:0.004201s ]
INFO: [ view_parse ] --START--
INFO: [ template_filter ] --START--
INFO: Run Behavior\ContentReplaceBehavior [ RunTime:0.001437s ]
INFO: [ template_filter ] --END-- [ RunTime:0.002218s ]
NOTIC: [8] Use of undefined constant BASE_URL - assumed 'BASE_URL' D:\PHP\www\NG-ThinkPHP\Application\Runtime\Cache\Home\2a94b8bda04ff446dcedd42276fc99ee.php 第 318 行.
NOTIC: [8] Use of undefined constant BASE_URL - assumed 'BASE_URL' D:\PHP\www\NG-ThinkPHP\Application\Runtime\Cache\Home\2a94b8bda04ff446dcedd42276fc99ee.php 第 510 行.
NOTIC: [8] Use of undefined constant BASE_URL - assumed 'BASE_URL' D:\PHP\www\NG-ThinkPHP\Application\Runtime\Cache\Home\2a94b8bda04ff446dcedd42276fc99ee.php 第 515 行.
NOTIC: [8] Use of undefined constant BASE_URL - assumed 'BASE_URL' D:\PHP\www\NG-ThinkPHP\Application\Runtime\Cache\Home\2a94b8bda04ff446dcedd42276fc99ee.php 第 538 行.
INFO: Run Behavior\ParseTemplateBehavior [ RunTime:0.074506s ]
INFO: [ view_parse ] --END-- [ RunTime:0.074996s ]
INFO: [ view_filter ] --START--
INFO: Run Behavior\WriteHtmlCacheBehavior [ RunTime:0.002471s ]
INFO: [ view_filter ] --END-- [ RunTime:0.002978s ]
INFO: [ app_end ] --START--
INFO: Run Behavior\ShowPageTraceBehavior [ RunTime:0.003358s ]
INFO: [ app_end ] --END-- [ RunTime:0.003831s ]

[ 2016-10-16T20:50:24+08:00 ] 127.0.0.1 /NG-ThinkPHP/
INFO: [ app_init ] --START--
INFO: Run Behavior\BuildLiteBehavior [ RunTime:0.000179s ]
INFO: [ app_init ] --END-- [ RunTime:0.003856s ]
INFO: [ app_begin ] --START--
INFO: Run Behavior\ReadHtmlCacheBehavior [ RunTime:0.003059s ]
INFO: [ app_begin ] --END-- [ RunTime:0.003608s ]
INFO: [ view_parse ] --START--
INFO: [ template_filter ] --START--
INFO: Run Behavior\ContentReplaceBehavior [ RunTime:0.001561s ]
INFO: [ template_filter ] --END-- [ RunTime:0.002146s ]
NOTIC: [8] Use of undefined constant BASE_URL - assumed 'BASE_URL' D:\PHP\www\NG-ThinkPHP\Application\Runtime\Cache\Home\2a94b8bda04ff446dcedd42276fc99ee.php 第 318 行.
NOTIC: [8] Use of undefined constant BASE_URL - assumed 'BASE_URL' D:\PHP\www\NG-ThinkPHP\Application\Runtime\Cache\Home\2a94b8bda04ff446dcedd42276fc99ee.php 第 510 行.
NOTIC: [8] Use of undefined constant BASE_URL - assumed 'BASE_URL' D:\PHP\www\NG-ThinkPHP\Application\Runtime\Cache\Home\2a94b8bda04ff446dcedd42276fc99ee.php 第 515 行.
INFO: Run Behavior\ParseTemplateBehavior [ RunTime:0.087725s ]
INFO: [ view_parse ] --END-- [ RunTime:0.088291s ]
INFO: [ view_filter ] --START--
INFO: Run Behavior\WriteHtmlCacheBehavior [ RunTime:0.002354s ]
INFO: [ view_filter ] --END-- [ RunTime:0.002964s ]
INFO: [ app_end ] --START--
INFO: Run Behavior\ShowPageTraceBehavior [ RunTime:0.004411s ]
INFO: [ app_end ] --END-- [ RunTime:0.004863s ]

[ 2016-10-16T20:54:22+08:00 ] 127.0.0.1 /NG-ThinkPHP/
INFO: [ app_init ] --START--
INFO: Run Behavior\BuildLiteBehavior [ RunTime:0.000342s ]
INFO: [ app_init ] --END-- [ RunTime:0.003934s ]
INFO: [ app_begin ] --START--
INFO: Run Behavior\ReadHtmlCacheBehavior [ RunTime:0.003210s ]
INFO: [ app_begin ] --END-- [ RunTime:0.003722s ]
INFO: [ view_parse ] --START--
INFO: [ template_filter ] --START--
INFO: Run Behavior\ContentReplaceBehavior [ RunTime:0.001404s ]
INFO: [ template_filter ] --END-- [ RunTime:0.002028s ]
NOTIC: [8] Use of undefined constant BASE_URL - assumed 'BASE_URL' D:\PHP\www\NG-ThinkPHP\Application\Runtime\Cache\Home\2a94b8bda04ff446dcedd42276fc99ee.php 第 318 行.
NOTIC: [8] Use of undefined constant BASE_URL - assumed 'BASE_URL' D:\PHP\www\NG-ThinkPHP\Application\Runtime\Cache\Home\2a94b8bda04ff446dcedd42276fc99ee.php 第 510 行.
INFO: Run Behavior\ParseTemplateBehavior [ RunTime:0.080544s ]
INFO: [ view_parse ] --END-- [ RunTime:0.080959s ]
INFO: [ view_filter ] --START--
INFO: Run Behavior\WriteHtmlCacheBehavior [ RunTime:0.001649s ]
INFO: [ view_filter ] --END-- [ RunTime:0.002019s ]
INFO: [ app_end ] --START--
INFO: Run Behavior\ShowPageTraceBehavior [ RunTime:0.002274s ]
INFO: [ app_end ] --END-- [ RunTime:0.002649s ]

[ 2016-10-16T20:54:57+08:00 ] 127.0.0.1 /NG-ThinkPHP/
INFO: [ app_init ] --START--
INFO: Run Behavior\BuildLiteBehavior [ RunTime:0.000123s ]
INFO: [ app_init ] --END-- [ RunTime:0.003025s ]
INFO: [ app_begin ] --START--
INFO: Run Behavior\ReadHtmlCacheBehavior [ RunTime:0.006533s ]
INFO: [ app_begin ] --END-- [ RunTime:0.007142s ]
INFO: [ view_parse ] --START--
INFO: [ template_filter ] --START--
INFO: Run Behavior\ContentReplaceBehavior [ RunTime:0.001553s ]
INFO: [ template_filter ] --END-- [ RunTime:0.002213s ]
NOTIC: [8] Use of undefined constant BASE_URL - assumed 'BASE_URL' D:\PHP\www\NG-ThinkPHP\Application\Runtime\Cache\Home\2a94b8bda04ff446dcedd42276fc99ee.php 第 318 行.
INFO: Run Behavior\ParseTemplateBehavior [ RunTime:0.083651s ]
INFO: [ view_parse ] --END-- [ RunTime:0.084250s ]
INFO: [ view_filter ] --START--
INFO: Run Behavior\WriteHtmlCacheBehavior [ RunTime:0.003816s ]
INFO: [ view_filter ] --END-- [ RunTime:0.004419s ]
INFO: [ app_end ] --START--
INFO: Run Behavior\ShowPageTraceBehavior [ RunTime:0.004348s ]
INFO: [ app_end ] --END-- [ RunTime:0.004931s ]

[ 2016-10-16T20:56:00+08:00 ] 127.0.0.1 /NG-ThinkPHP/
INFO: [ app_init ] --START--
INFO: Run Behavior\BuildLiteBehavior [ RunTime:0.000127s ]
INFO: [ app_init ] --END-- [ RunTime:0.004613s ]
INFO: [ app_begin ] --START--
INFO: Run Behavior\ReadHtmlCacheBehavior [ RunTime:0.002877s ]
INFO: [ app_begin ] --END-- [ RunTime:0.003369s ]
INFO: [ view_parse ] --START--
INFO: [ template_filter ] --START--
INFO: Run Behavior\ContentReplaceBehavior [ RunTime:0.002051s ]
INFO: [ template_filter ] --END-- [ RunTime:0.002635s ]
INFO: Run Behavior\ParseTemplateBehavior [ RunTime:0.085088s ]
INFO: [ view_parse ] --END-- [ RunTime:0.086271s ]
INFO: [ view_filter ] --START--
INFO: Run Behavior\WriteHtmlCacheBehavior [ RunTime:0.003914s ]
INFO: [ view_filter ] --END-- [ RunTime:0.004555s ]
INFO: [ app_end ] --START--
INFO: Run Behavior\ShowPageTraceBehavior [ RunTime:0.003251s ]
INFO: [ app_end ] --END-- [ RunTime:0.003733s ]

[ 2016-10-16T20:56:16+08:00 ] 127.0.0.1 /NG-ThinkPHP/
INFO: [ app_init ] --START--
INFO: Run Behavior\BuildLiteBehavior [ RunTime:0.000089s ]
INFO: [ app_init ] --END-- [ RunTime:0.001850s ]
INFO: [ app_begin ] --START--
INFO: Run Behavior\ReadHtmlCacheBehavior [ RunTime:0.004220s ]
INFO: [ app_begin ] --END-- [ RunTime:0.004857s ]
INFO: [ view_parse ] --START--
INFO: [ template_filter ] --START--
INFO: Run Behavior\ContentReplaceBehavior [ RunTime:0.001480s ]
INFO: [ template_filter ] --END-- [ RunTime:0.002070s ]
INFO: Run Behavior\ParseTemplateBehavior [ RunTime:0.090147s ]
INFO: [ view_parse ] --END-- [ RunTime:0.090909s ]
INFO: [ view_filter ] --START--
INFO: Run Behavior\WriteHtmlCacheBehavior [ RunTime:0.002334s ]
INFO: [ view_filter ] --END-- [ RunTime:0.002959s ]
INFO: [ app_end ] --START--
INFO: Run Behavior\ShowPageTraceBehavior [ RunTime:0.003511s ]
INFO: [ app_end ] --END-- [ RunTime:0.004112s ]

[ 2016-10-16T20:56:28+08:00 ] 127.0.0.1 /NG-ThinkPHP/
INFO: [ app_init ] --START--
INFO: Run Behavior\BuildLiteBehavior [ RunTime:0.000097s ]
INFO: [ app_init ] --END-- [ RunTime:0.002196s ]
INFO: [ app_begin ] --START--
INFO: Run Behavior\ReadHtmlCacheBehavior [ RunTime:0.003301s ]
INFO: [ app_begin ] --END-- [ RunTime:0.004014s ]
INFO: [ view_parse ] --START--
INFO: [ template_filter ] --START--
INFO: Run Behavior\ContentReplaceBehavior [ RunTime:0.001240s ]
INFO: [ template_filter ] --END-- [ RunTime:0.001737s ]
INFO: Run Behavior\ParseTemplateBehavior [ RunTime:0.082324s ]
INFO: [ view_parse ] --END-- [ RunTime:0.082834s ]
INFO: [ view_filter ] --START--
INFO: Run Behavior\WriteHtmlCacheBehavior [ RunTime:0.003481s ]
INFO: [ view_filter ] --END-- [ RunTime:0.003915s ]
INFO: [ app_end ] --START--
INFO: Run Behavior\ShowPageTraceBehavior [ RunTime:0.003025s ]
INFO: [ app_end ] --END-- [ RunTime:0.003452s ]

[ 2016-10-16T20:57:29+08:00 ] 127.0.0.1 /NG-ThinkPHP/
INFO: [ app_init ] --START--
INFO: Run Behavior\BuildLiteBehavior [ RunTime:0.000118s ]
INFO: [ app_init ] --END-- [ RunTime:0.004017s ]
INFO: [ app_begin ] --START--
INFO: Run Behavior\ReadHtmlCacheBehavior [ RunTime:0.002988s ]
INFO: [ app_begin ] --END-- [ RunTime:0.003492s ]
INFO: [ view_parse ] --START--
INFO: [ template_filter ] --START--
INFO: Run Behavior\ContentReplaceBehavior [ RunTime:0.001238s ]
INFO: [ template_filter ] --END-- [ RunTime:0.001784s ]
INFO: Run Behavior\ParseTemplateBehavior [ RunTime:0.087752s ]
INFO: [ view_parse ] --END-- [ RunTime:0.088311s ]
INFO: [ view_filter ] --START--
INFO: Run Behavior\WriteHtmlCacheBehavior [ RunTime:0.001893s ]
INFO: [ view_filter ] --END-- [ RunTime:0.002322s ]
INFO: [ app_end ] --START--
INFO: Run Behavior\ShowPageTraceBehavior [ RunTime:0.005883s ]
INFO: [ app_end ] --END-- [ RunTime:0.006515s ]

[ 2016-10-16T20:57:37+08:00 ] 127.0.0.1 /NG-ThinkPHP/
INFO: [ app_init ] --START--
INFO: Run Behavior\BuildLiteBehavior [ RunTime:0.000191s ]
INFO: [ app_init ] --END-- [ RunTime:0.023382s ]
INFO: [ app_begin ] --START--
INFO: Run Behavior\ReadHtmlCacheBehavior [ RunTime:0.007233s ]
INFO: [ app_begin ] --END-- [ RunTime:0.007967s ]
INFO: [ view_parse ] --START--
INFO: [ template_filter ] --START--
INFO: Run Behavior\ContentReplaceBehavior [ RunTime:0.003192s ]
INFO: [ template_filter ] --END-- [ RunTime:0.003875s ]
INFO: Run Behavior\ParseTemplateBehavior [ RunTime:0.195508s ]
INFO: [ view_parse ] --END-- [ RunTime:0.196460s ]
INFO: [ view_filter ] --START--
INFO: Run Behavior\WriteHtmlCacheBehavior [ RunTime:0.002523s ]
INFO: [ view_filter ] --END-- [ RunTime:0.003129s ]
INFO: [ app_end ] --START--
INFO: Run Behavior\ShowPageTraceBehavior [ RunTime:0.002556s ]
INFO: [ app_end ] --END-- [ RunTime:0.002937s ]

[ 2016-10-16T20:59:03+08:00 ] 127.0.0.1 /NG-ThinkPHP/
INFO: [ app_init ] --START--
INFO: Run Behavior\BuildLiteBehavior [ RunTime:0.000091s ]
INFO: [ app_init ] --END-- [ RunTime:0.002065s ]
INFO: [ app_begin ] --START--
INFO: Run Behavior\ReadHtmlCacheBehavior [ RunTime:0.003544s ]
INFO: [ app_begin ] --END-- [ RunTime:0.005271s ]
INFO: [ view_parse ] --START--
INFO: [ template_filter ] --START--
INFO: Run Behavior\ContentReplaceBehavior [ RunTime:0.001162s ]
INFO: [ template_filter ] --END-- [ RunTime:0.001619s ]
INFO: Run Behavior\ParseTemplateBehavior [ RunTime:0.092474s ]
INFO: [ view_parse ] --END-- [ RunTime:0.093063s ]
INFO: [ view_filter ] --START--
INFO: Run Behavior\WriteHtmlCacheBehavior [ RunTime:0.002133s ]
INFO: [ view_filter ] --END-- [ RunTime:0.002571s ]
INFO: [ app_end ] --START--
INFO: Run Behavior\ShowPageTraceBehavior [ RunTime:0.002745s ]
INFO: [ app_end ] --END-- [ RunTime:0.003222s ]

[ 2016-10-16T21:00:27+08:00 ] 127.0.0.1 /NG-ThinkPHP/
INFO: [ app_init ] --START--
INFO: Run Behavior\BuildLiteBehavior [ RunTime:0.000088s ]
INFO: [ app_init ] --END-- [ RunTime:0.001995s ]
INFO: [ app_begin ] --START--
INFO: Run Behavior\ReadHtmlCacheBehavior [ RunTime:0.003506s ]
INFO: [ app_begin ] --END-- [ RunTime:0.004352s ]
INFO: [ view_parse ] --START--
INFO: [ template_filter ] --START--
INFO: Run Behavior\ContentReplaceBehavior [ RunTime:0.001621s ]
INFO: [ template_filter ] --END-- [ RunTime:0.002270s ]
INFO: Run Behavior\ParseTemplateBehavior [ RunTime:0.083926s ]
INFO: [ view_parse ] --END-- [ RunTime:0.084449s ]
INFO: [ view_filter ] --START--
INFO: Run Behavior\WriteHtmlCacheBehavior [ RunTime:0.001749s ]
INFO: [ view_filter ] --END-- [ RunTime:0.002258s ]
INFO: [ app_end ] --START--
INFO: Run Behavior\ShowPageTraceBehavior [ RunTime:0.004132s ]
INFO: [ app_end ] --END-- [ RunTime:0.004698s ]

[ 2016-10-16T21:01:09+08:00 ] 127.0.0.1 /NG-ThinkPHP/
INFO: [ app_init ] --START--
INFO: Run Behavior\BuildLiteBehavior [ RunTime:0.000109s ]
INFO: [ app_init ] --END-- [ RunTime:0.002937s ]
INFO: [ app_begin ] --START--
INFO: Run Behavior\ReadHtmlCacheBehavior [ RunTime:0.002595s ]
INFO: [ app_begin ] --END-- [ RunTime:0.003123s ]
INFO: [ view_parse ] --START--
INFO: [ template_filter ] --START--
INFO: Run Behavior\ContentReplaceBehavior [ RunTime:0.001342s ]
INFO: [ template_filter ] --END-- [ RunTime:0.001901s ]
INFO: Run Behavior\ParseTemplateBehavior [ RunTime:0.075550s ]
INFO: [ view_parse ] --END-- [ RunTime:0.076124s ]
INFO: [ view_filter ] --START--
INFO: Run Behavior\WriteHtmlCacheBehavior [ RunTime:0.001130s ]
INFO: [ view_filter ] --END-- [ RunTime:0.001496s ]
INFO: [ app_end ] --START--
INFO: Run Behavior\ShowPageTraceBehavior [ RunTime:0.002657s ]
INFO: [ app_end ] --END-- [ RunTime:0.003090s ]

[ 2016-10-16T21:01:43+08:00 ] 127.0.0.1 /NG-ThinkPHP/
INFO: [ app_init ] --START--
INFO: Run Behavior\BuildLiteBehavior [ RunTime:0.000108s ]
INFO: [ app_init ] --END-- [ RunTime:0.002976s ]
INFO: [ app_begin ] --START--
INFO: Run Behavior\ReadHtmlCacheBehavior [ RunTime:0.004437s ]
INFO: [ app_begin ] --END-- [ RunTime:0.005156s ]
INFO: [ view_parse ] --START--
INFO: [ template_filter ] --START--
INFO: Run Behavior\ContentReplaceBehavior [ RunTime:0.001625s ]
INFO: [ template_filter ] --END-- [ RunTime:0.002322s ]
INFO: Run Behavior\ParseTemplateBehavior [ RunTime:0.088070s ]
INFO: [ view_parse ] --END-- [ RunTime:0.088654s ]
INFO: [ view_filter ] --START--
INFO: Run Behavior\WriteHtmlCacheBehavior [ RunTime:0.002562s ]
INFO: [ view_filter ] --END-- [ RunTime:0.003152s ]
INFO: [ app_end ] --START--
INFO: Run Behavior\ShowPageTraceBehavior [ RunTime:0.004244s ]
INFO: [ app_end ] --END-- [ RunTime:0.004880s ]

[ 2016-10-16T21:04:44+08:00 ] 127.0.0.1 /NG-ThinkPHP/
INFO: [ app_init ] --START--
INFO: Run Behavior\BuildLiteBehavior [ RunTime:0.000121s ]
INFO: [ app_init ] --END-- [ RunTime:0.002883s ]
INFO: [ app_begin ] --START--
INFO: Run Behavior\ReadHtmlCacheBehavior [ RunTime:0.005210s ]
INFO: [ app_begin ] --END-- [ RunTime:0.006429s ]
INFO: [ view_parse ] --START--
INFO: [ template_filter ] --START--
INFO: Run Behavior\ContentReplaceBehavior [ RunTime:0.001583s ]
INFO: [ template_filter ] --END-- [ RunTime:0.002153s ]
INFO: Run Behavior\ParseTemplateBehavior [ RunTime:0.093151s ]
INFO: [ view_parse ] --END-- [ RunTime:0.093639s ]
INFO: [ view_filter ] --START--
INFO: Run Behavior\WriteHtmlCacheBehavior [ RunTime:0.002079s ]
INFO: [ view_filter ] --END-- [ RunTime:0.002489s ]
INFO: [ app_end ] --START--
INFO: Run Behavior\ShowPageTraceBehavior [ RunTime:0.002769s ]
INFO: [ app_end ] --END-- [ RunTime:0.003184s ]

[ 2016-10-16T21:05:34+08:00 ] 127.0.0.1 /NG-ThinkPHP/
INFO: [ app_init ] --START--
INFO: Run Behavior\BuildLiteBehavior [ RunTime:0.000104s ]
INFO: [ app_init ] --END-- [ RunTime:0.002245s ]
INFO: [ app_begin ] --START--
INFO: Run Behavior\ReadHtmlCacheBehavior [ RunTime:0.007015s ]
INFO: [ app_begin ] --END-- [ RunTime:0.007655s ]
INFO: [ view_parse ] --START--
INFO: [ template_filter ] --START--
INFO: Run Behavior\ContentReplaceBehavior [ RunTime:0.002133s ]
INFO: [ template_filter ] --END-- [ RunTime:0.003248s ]
INFO: Run Behavior\ParseTemplateBehavior [ RunTime:0.099645s ]
INFO: [ view_parse ] --END-- [ RunTime:0.100419s ]
INFO: [ view_filter ] --START--
INFO: Run Behavior\WriteHtmlCacheBehavior [ RunTime:0.003514s ]
INFO: [ view_filter ] --END-- [ RunTime:0.005192s ]
INFO: [ app_end ] --START--
INFO: Run Behavior\ShowPageTraceBehavior [ RunTime:0.004332s ]
INFO: [ app_end ] --END-- [ RunTime:0.005111s ]

[ 2016-10-16T22:08:49+08:00 ] 127.0.0.1 /NG-ThinkPHP/
INFO: [ app_init ] --START--
INFO: Run Behavior\BuildLiteBehavior [ RunTime:0.000109s ]
INFO: [ app_init ] --END-- [ RunTime:0.003451s ]
INFO: [ app_begin ] --START--
INFO: Run Behavior\ReadHtmlCacheBehavior [ RunTime:0.003122s ]
INFO: [ app_begin ] --END-- [ RunTime:0.003672s ]
INFO: [ view_parse ] --START--
INFO: [ template_filter ] --START--
INFO: Run Behavior\ContentReplaceBehavior [ RunTime:0.001687s ]
INFO: [ template_filter ] --END-- [ RunTime:0.002232s ]
INFO: Run Behavior\ParseTemplateBehavior [ RunTime:0.092440s ]
INFO: [ view_parse ] --END-- [ RunTime:0.093027s ]
INFO: [ view_filter ] --START--
INFO: Run Behavior\WriteHtmlCacheBehavior [ RunTime:0.002024s ]
INFO: [ view_filter ] --END-- [ RunTime:0.002474s ]
INFO: [ app_end ] --START--
INFO: Run Behavior\ShowPageTraceBehavior [ RunTime:0.003495s ]
INFO: [ app_end ] --END-- [ RunTime:0.003972s ]

[ 2016-10-16T22:23:55+08:00 ] 127.0.0.1 /NG-ThinkPHP/
INFO: [ app_init ] --START--
INFO: Run Behavior\BuildLiteBehavior [ RunTime:0.000133s ]
INFO: [ app_init ] --END-- [ RunTime:0.003512s ]
INFO: [ app_begin ] --START--
INFO: Run Behavior\ReadHtmlCacheBehavior [ RunTime:0.003425s ]
INFO: [ app_begin ] --END-- [ RunTime:0.004109s ]
INFO: [ view_parse ] --START--
INFO: [ template_filter ] --START--
INFO: Run Behavior\ContentReplaceBehavior [ RunTime:0.001429s ]
INFO: [ template_filter ] --END-- [ RunTime:0.001936s ]
INFO: Run Behavior\ParseTemplateBehavior [ RunTime:0.076815s ]
INFO: [ view_parse ] --END-- [ RunTime:0.077282s ]
INFO: [ view_filter ] --START--
INFO: Run Behavior\WriteHtmlCacheBehavior [ RunTime:0.001575s ]
INFO: [ view_filter ] --END-- [ RunTime:0.001938s ]
INFO: [ app_end ] --START--
INFO: Run Behavior\ShowPageTraceBehavior [ RunTime:0.002825s ]
INFO: [ app_end ] --END-- [ RunTime:0.003256s ]

[ 2016-10-16T22:37:37+08:00 ] 127.0.0.1 /NG-ThinkPHP/
INFO: [ app_init ] --START--
INFO: Run Behavior\BuildLiteBehavior [ RunTime:0.000123s ]
INFO: [ app_init ] --END-- [ RunTime:0.002872s ]
INFO: [ app_begin ] --START--
INFO: Run Behavior\ReadHtmlCacheBehavior [ RunTime:0.004364s ]
INFO: [ app_begin ] --END-- [ RunTime:0.006181s ]
SQL: SHOW COLUMNS FROM `photography` [ RunTime:0.0184s ]
SQL: SELECT * FROM `photography` WHERE ( recommend=1 ) LIMIT 10   [ RunTime:0.0018s ]

[ 2016-10-16T22:38:42+08:00 ] 127.0.0.1 /NG-ThinkPHP/
INFO: [ app_init ] --START--
INFO: Run Behavior\BuildLiteBehavior [ RunTime:0.000085s ]
INFO: [ app_init ] --END-- [ RunTime:0.002067s ]
INFO: [ app_begin ] --START--
INFO: Run Behavior\ReadHtmlCacheBehavior [ RunTime:0.005566s ]
INFO: [ app_begin ] --END-- [ RunTime:0.006157s ]
SQL: SHOW COLUMNS FROM `photography` [ RunTime:0.0181s ]
SQL: SELECT * FROM `photography` WHERE ( recommend=1 ) LIMIT 10   [ RunTime:0.0013s ]

[ 2016-10-16T22:40:11+08:00 ] 127.0.0.1 /NG-ThinkPHP/
INFO: [ app_init ] --START--
INFO: Run Behavior\BuildLiteBehavior [ RunTime:0.000225s ]
INFO: [ app_init ] --END-- [ RunTime:0.006612s ]
INFO: [ app_begin ] --START--
INFO: Run Behavior\ReadHtmlCacheBehavior [ RunTime:0.003055s ]
INFO: [ app_begin ] --END-- [ RunTime:0.003595s ]
SQL: SHOW COLUMNS FROM `photography` [ RunTime:0.0184s ]
SQL: SELECT * FROM `photography` WHERE ( recommend=1 ) ORDER BY id desc LIMIT 10   [ RunTime:0.0018s ]
INFO: [ view_parse ] --START--
INFO: [ template_filter ] --START--
INFO: Run Behavior\ContentReplaceBehavior [ RunTime:0.001473s ]
INFO: [ template_filter ] --END-- [ RunTime:0.002146s ]
INFO: Run Behavior\ParseTemplateBehavior [ RunTime:0.076045s ]
INFO: [ view_parse ] --END-- [ RunTime:0.076629s ]
INFO: [ view_filter ] --START--
INFO: Run Behavior\WriteHtmlCacheBehavior [ RunTime:0.003378s ]
INFO: [ view_filter ] --END-- [ RunTime:0.004039s ]
INFO: [ app_end ] --START--
INFO: Run Behavior\ShowPageTraceBehavior [ RunTime:0.003107s ]
INFO: [ app_end ] --END-- [ RunTime:0.003614s ]

[ 2016-10-16T22:40:31+08:00 ] 127.0.0.1 /NG-ThinkPHP/
INFO: [ app_init ] --START--
INFO: Run Behavior\BuildLiteBehavior [ RunTime:0.000103s ]
INFO: [ app_init ] --END-- [ RunTime:0.002472s ]
INFO: [ app_begin ] --START--
INFO: Run Behavior\ReadHtmlCacheBehavior [ RunTime:0.002614s ]
INFO: [ app_begin ] --END-- [ RunTime:0.003058s ]
SQL: SHOW COLUMNS FROM `photography` [ RunTime:0.0150s ]
SQL: SELECT * FROM `photography` WHERE ( recommend=1 ) ORDER BY id desc LIMIT 10   [ RunTime:0.0019s ]

[ 2016-10-16T22:40:49+08:00 ] 127.0.0.1 /NG-ThinkPHP/
INFO: [ app_init ] --START--
INFO: Run Behavior\BuildLiteBehavior [ RunTime:0.000099s ]
INFO: [ app_init ] --END-- [ RunTime:0.001942s ]
INFO: [ app_begin ] --START--
INFO: Run Behavior\ReadHtmlCacheBehavior [ RunTime:0.004079s ]
INFO: [ app_begin ] --END-- [ RunTime:0.004781s ]
SQL: SHOW COLUMNS FROM `photography` [ RunTime:0.0173s ]
SQL: SELECT * FROM `photography` WHERE ( recommend=1 ) ORDER BY id desc LIMIT 5   [ RunTime:0.0014s ]

[ 2016-10-16T22:41:17+08:00 ] 127.0.0.1 /NG-ThinkPHP/
INFO: [ app_init ] --START--
INFO: Run Behavior\BuildLiteBehavior [ RunTime:0.000106s ]
INFO: [ app_init ] --END-- [ RunTime:0.002057s ]
INFO: [ app_begin ] --START--
INFO: Run Behavior\ReadHtmlCacheBehavior [ RunTime:0.001917s ]
INFO: [ app_begin ] --END-- [ RunTime:0.002334s ]
SQL: SHOW COLUMNS FROM `photography` [ RunTime:0.0178s ]
SQL: SELECT * FROM `photography` WHERE ( deleted=0 and recommend=1 ) ORDER BY id desc LIMIT 10   [ RunTime:0.0017s ]

[ 2016-10-16T22:42:39+08:00 ] 127.0.0.1 /NG-ThinkPHP/
INFO: [ app_init ] --START--
INFO: Run Behavior\BuildLiteBehavior [ RunTime:0.000102s ]
INFO: [ app_init ] --END-- [ RunTime:0.002667s ]
INFO: [ app_begin ] --START--
INFO: Run Behavior\ReadHtmlCacheBehavior [ RunTime:0.002629s ]
INFO: [ app_begin ] --END-- [ RunTime:0.003091s ]
SQL: SHOW COLUMNS FROM `photography` [ RunTime:0.0172s ]
SQL: SELECT * FROM `photography` WHERE ( deleted=0 and recommend=1 ) ORDER BY id desc LIMIT 10   [ RunTime:0.0014s ]
INFO: [ view_parse ] --START--
INFO: [ template_filter ] --START--
INFO: Run Behavior\ContentReplaceBehavior [ RunTime:0.002449s ]
INFO: [ template_filter ] --END-- [ RunTime:0.003127s ]
INFO: Run Behavior\ParseTemplateBehavior [ RunTime:0.075644s ]
INFO: [ view_parse ] --END-- [ RunTime:0.076133s ]
INFO: [ view_filter ] --START--
INFO: Run Behavior\WriteHtmlCacheBehavior [ RunTime:0.001755s ]
INFO: [ view_filter ] --END-- [ RunTime:0.002154s ]
INFO: [ app_end ] --START--
INFO: Run Behavior\ShowPageTraceBehavior [ RunTime:0.002991s ]
INFO: [ app_end ] --END-- [ RunTime:0.003432s ]

[ 2016-10-16T22:47:51+08:00 ] 127.0.0.1 /NG-ThinkPHP/
INFO: [ app_init ] --START--
INFO: Run Behavior\BuildLiteBehavior [ RunTime:0.000110s ]
INFO: [ app_init ] --END-- [ RunTime:0.002708s ]
INFO: [ app_begin ] --START--
INFO: Run Behavior\ReadHtmlCacheBehavior [ RunTime:0.010937s ]
INFO: [ app_begin ] --END-- [ RunTime:0.011737s ]
SQL: SHOW COLUMNS FROM `photography` [ RunTime:0.0177s ]
SQL: SELECT * FROM `photography` WHERE ( deleted=0 and recommend=1 ) ORDER BY id desc LIMIT 10   [ RunTime:0.0022s ]

[ 2016-10-16T22:50:37+08:00 ] 127.0.0.1 /NG-ThinkPHP/
INFO: [ app_init ] --START--
INFO: Run Behavior\BuildLiteBehavior [ RunTime:0.000094s ]
INFO: [ app_init ] --END-- [ RunTime:0.003157s ]
INFO: [ app_begin ] --START--
INFO: Run Behavior\ReadHtmlCacheBehavior [ RunTime:0.002496s ]
INFO: [ app_begin ] --END-- [ RunTime:0.002917s ]
SQL: SHOW COLUMNS FROM `photography` [ RunTime:0.0177s ]
SQL: SELECT * FROM `photography` WHERE ( deleted=0 and recommend=1 ) ORDER BY id desc LIMIT 10   [ RunTime:0.0014s ]
INFO: [ view_parse ] --START--
INFO: [ template_filter ] --START--
INFO: Run Behavior\ContentReplaceBehavior [ RunTime:0.001322s ]
INFO: [ template_filter ] --END-- [ RunTime:0.001814s ]
NOTIC: [8] Undefined index: title D:\PHP\www\NG-ThinkPHP\Application\Runtime\Cache\Home\2a94b8bda04ff446dcedd42276fc99ee.php 第 194 行.
NOTIC: [8] Undefined index: title D:\PHP\www\NG-ThinkPHP\Application\Runtime\Cache\Home\2a94b8bda04ff446dcedd42276fc99ee.php 第 194 行.
NOTIC: [8] Undefined index: title D:\PHP\www\NG-ThinkPHP\Application\Runtime\Cache\Home\2a94b8bda04ff446dcedd42276fc99ee.php 第 195 行.
NOTIC: [8] Undefined index: title D:\PHP\www\NG-ThinkPHP\Application\Runtime\Cache\Home\2a94b8bda04ff446dcedd42276fc99ee.php 第 194 行.
NOTIC: [8] Undefined index: title D:\PHP\www\NG-ThinkPHP\Application\Runtime\Cache\Home\2a94b8bda04ff446dcedd42276fc99ee.php 第 194 行.
NOTIC: [8] Undefined index: title D:\PHP\www\NG-ThinkPHP\Application\Runtime\Cache\Home\2a94b8bda04ff446dcedd42276fc99ee.php 第 195 行.
NOTIC: [8] Undefined index: title D:\PHP\www\NG-ThinkPHP\Application\Runtime\Cache\Home\2a94b8bda04ff446dcedd42276fc99ee.php 第 194 行.
NOTIC: [8] Undefined index: title D:\PHP\www\NG-ThinkPHP\Application\Runtime\Cache\Home\2a94b8bda04ff446dcedd42276fc99ee.php 第 194 行.
NOTIC: [8] Undefined index: title D:\PHP\www\NG-ThinkPHP\Application\Runtime\Cache\Home\2a94b8bda04ff446dcedd42276fc99ee.php 第 195 行.
NOTIC: [8] Undefined index: title D:\PHP\www\NG-ThinkPHP\Application\Runtime\Cache\Home\2a94b8bda04ff446dcedd42276fc99ee.php 第 194 行.
NOTIC: [8] Undefined index: title D:\PHP\www\NG-ThinkPHP\Application\Runtime\Cache\Home\2a94b8bda04ff446dcedd42276fc99ee.php 第 194 行.
NOTIC: [8] Undefined index: title D:\PHP\www\NG-ThinkPHP\Application\Runtime\Cache\Home\2a94b8bda04ff446dcedd42276fc99ee.php 第 195 行.
NOTIC: [8] Undefined index: title D:\PHP\www\NG-ThinkPHP\Application\Runtime\Cache\Home\2a94b8bda04ff446dcedd42276fc99ee.php 第 194 行.
NOTIC: [8] Undefined index: title D:\PHP\www\NG-ThinkPHP\Application\Runtime\Cache\Home\2a94b8bda04ff446dcedd42276fc99ee.php 第 194 行.
NOTIC: [8] Undefined index: title D:\PHP\www\NG-ThinkPHP\Application\Runtime\Cache\Home\2a94b8bda04ff446dcedd42276fc99ee.php 第 195 行.
NOTIC: [8] Undefined index: title D:\PHP\www\NG-ThinkPHP\Application\Runtime\Cache\Home\2a94b8bda04ff446dcedd42276fc99ee.php 第 194 行.
NOTIC: [8] Undefined index: title D:\PHP\www\NG-ThinkPHP\Application\Runtime\Cache\Home\2a94b8bda04ff446dcedd42276fc99ee.php 第 194 行.
NOTIC: [8] Undefined index: title D:\PHP\www\NG-ThinkPHP\Application\Runtime\Cache\Home\2a94b8bda04ff446dcedd42276fc99ee.php 第 195 行.
INFO: Run Behavior\ParseTemplateBehavior [ RunTime:0.078425s ]
INFO: [ view_parse ] --END-- [ RunTime:0.078865s ]
INFO: [ view_filter ] --START--
INFO: Run Behavior\WriteHtmlCacheBehavior [ RunTime:0.001813s ]
INFO: [ view_filter ] --END-- [ RunTime:0.002200s ]
INFO: [ app_end ] --START--
INFO: Run Behavior\ShowPageTraceBehavior [ RunTime:0.002865s ]
INFO: [ app_end ] --END-- [ RunTime:0.003294s ]

[ 2016-10-16T22:51:42+08:00 ] 127.0.0.1 /NG-ThinkPHP/
INFO: [ app_init ] --START--
INFO: Run Behavior\BuildLiteBehavior [ RunTime:0.000094s ]
INFO: [ app_init ] --END-- [ RunTime:0.002241s ]
INFO: [ app_begin ] --START--
INFO: Run Behavior\ReadHtmlCacheBehavior [ RunTime:0.001922s ]
INFO: [ app_begin ] --END-- [ RunTime:0.002345s ]
SQL: SHOW COLUMNS FROM `photography` [ RunTime:0.0201s ]
SQL: SELECT * FROM `photography` WHERE ( deleted=0 and recommend=1 ) ORDER BY id desc LIMIT 10   [ RunTime:0.0014s ]

[ 2016-10-16T22:53:37+08:00 ] 127.0.0.1 /NG-ThinkPHP/
INFO: [ app_init ] --START--
INFO: Run Behavior\BuildLiteBehavior [ RunTime:0.000094s ]
INFO: [ app_init ] --END-- [ RunTime:0.001968s ]
INFO: [ app_begin ] --START--
INFO: Run Behavior\ReadHtmlCacheBehavior [ RunTime:0.003640s ]
INFO: [ app_begin ] --END-- [ RunTime:0.004629s ]
SQL: SHOW COLUMNS FROM `photography` [ RunTime:0.0167s ]
SQL: SELECT * FROM `photography` WHERE ( deleted=0 and recommend=1 ) ORDER BY id desc LIMIT 4   [ RunTime:0.0017s ]

[ 2016-10-16T22:53:52+08:00 ] 127.0.0.1 /NG-ThinkPHP/
INFO: [ app_init ] --START--
INFO: Run Behavior\BuildLiteBehavior [ RunTime:0.000081s ]
INFO: [ app_init ] --END-- [ RunTime:0.001679s ]
INFO: [ app_begin ] --START--
INFO: Run Behavior\ReadHtmlCacheBehavior [ RunTime:0.002395s ]
INFO: [ app_begin ] --END-- [ RunTime:0.002876s ]
SQL: SHOW COLUMNS FROM `photography` [ RunTime:0.0188s ]
SQL: SELECT * FROM `photography` WHERE ( deleted=0 and recommend=1 ) ORDER BY id desc LIMIT 4   [ RunTime:0.0023s ]
INFO: [ view_parse ] --START--
INFO: [ template_filter ] --START--
INFO: Run Behavior\ContentReplaceBehavior [ RunTime:0.001604s ]
INFO: [ template_filter ] --END-- [ RunTime:0.002240s ]
INFO: Run Behavior\ParseTemplateBehavior [ RunTime:0.088397s ]
INFO: [ view_parse ] --END-- [ RunTime:0.088976s ]
INFO: [ view_filter ] --START--
INFO: Run Behavior\WriteHtmlCacheBehavior [ RunTime:0.002269s ]
INFO: [ view_filter ] --END-- [ RunTime:0.002820s ]
INFO: [ app_end ] --START--
INFO: Run Behavior\ShowPageTraceBehavior [ RunTime:0.004244s ]
INFO: [ app_end ] --END-- [ RunTime:0.005595s ]

[ 2016-10-16T22:55:19+08:00 ] 127.0.0.1 /NG-ThinkPHP/
INFO: [ app_init ] --START--
INFO: Run Behavior\BuildLiteBehavior [ RunTime:0.000105s ]
INFO: [ app_init ] --END-- [ RunTime:0.002524s ]
INFO: [ app_begin ] --START--
INFO: Run Behavior\ReadHtmlCacheBehavior [ RunTime:0.005324s ]
INFO: [ app_begin ] --END-- [ RunTime:0.006343s ]
SQL: SHOW COLUMNS FROM `photography` [ RunTime:0.0179s ]
SQL: SELECT * FROM `photography` WHERE ( deleted=0 and recommend=1 ) ORDER BY id desc LIMIT 4   [ RunTime:0.0018s ]

[ 2016-10-16T22:57:41+08:00 ] 127.0.0.1 /NG-ThinkPHP/
INFO: [ app_init ] --START--
INFO: Run Behavior\BuildLiteBehavior [ RunTime:0.000101s ]
INFO: [ app_init ] --END-- [ RunTime:0.002497s ]
INFO: [ app_begin ] --START--
INFO: Run Behavior\ReadHtmlCacheBehavior [ RunTime:0.002808s ]
INFO: [ app_begin ] --END-- [ RunTime:0.003365s ]
SQL: SHOW COLUMNS FROM `photography` [ RunTime:0.0193s ]
SQL: SELECT * FROM `photography` WHERE ( deleted=0 and recommend=1 ) ORDER BY id desc LIMIT 4   [ RunTime:0.0021s ]
INFO: [ view_parse ] --START--
INFO: [ template_filter ] --START--
INFO: Run Behavior\ContentReplaceBehavior [ RunTime:0.001456s ]
INFO: [ template_filter ] --END-- [ RunTime:0.002051s ]
INFO: Run Behavior\ParseTemplateBehavior [ RunTime:0.093879s ]
INFO: [ view_parse ] --END-- [ RunTime:0.094505s ]
INFO: [ view_filter ] --START--
INFO: Run Behavior\WriteHtmlCacheBehavior [ RunTime:0.002216s ]
INFO: [ view_filter ] --END-- [ RunTime:0.002861s ]
INFO: [ app_end ] --START--
INFO: Run Behavior\ShowPageTraceBehavior [ RunTime:0.003679s ]
INFO: [ app_end ] --END-- [ RunTime:0.004181s ]

[ 2016-10-16T22:59:57+08:00 ] 127.0.0.1 /NG-ThinkPHP/
INFO: [ app_init ] --START--
INFO: Run Behavior\BuildLiteBehavior [ RunTime:0.000130s ]
INFO: [ app_init ] --END-- [ RunTime:0.003523s ]
INFO: [ app_begin ] --START--
INFO: Run Behavior\ReadHtmlCacheBehavior [ RunTime:0.015307s ]
INFO: [ app_begin ] --END-- [ RunTime:0.016452s ]
SQL: SHOW COLUMNS FROM `photography` [ RunTime:0.0198s ]
SQL: SELECT * FROM `photography` WHERE ( deleted=0 and recommend=1 ) ORDER BY id desc LIMIT 4   [ RunTime:0.0018s ]
INFO: [ view_parse ] --START--
INFO: [ template_filter ] --START--
INFO: Run Behavior\ContentReplaceBehavior [ RunTime:0.001276s ]
INFO: [ template_filter ] --END-- [ RunTime:0.001732s ]
INFO: Run Behavior\ParseTemplateBehavior [ RunTime:0.082631s ]
INFO: [ view_parse ] --END-- [ RunTime:0.083204s ]
INFO: [ view_filter ] --START--
INFO: Run Behavior\WriteHtmlCacheBehavior [ RunTime:0.001793s ]
INFO: [ view_filter ] --END-- [ RunTime:0.002219s ]
INFO: [ app_end ] --START--
INFO: Run Behavior\ShowPageTraceBehavior [ RunTime:0.002961s ]
INFO: [ app_end ] --END-- [ RunTime:0.003423s ]

[ 2016-10-16T23:00:15+08:00 ] 127.0.0.1 /NG-ThinkPHP/
INFO: [ app_init ] --START--
INFO: Run Behavior\BuildLiteBehavior [ RunTime:0.000613s ]
INFO: [ app_init ] --END-- [ RunTime:0.004332s ]
INFO: [ app_begin ] --START--
INFO: Run Behavior\ReadHtmlCacheBehavior [ RunTime:0.002984s ]
INFO: [ app_begin ] --END-- [ RunTime:0.003560s ]
SQL: SHOW COLUMNS FROM `photography` [ RunTime:0.0190s ]
SQL: SELECT * FROM `photography` WHERE ( deleted=0 and recommend=1 ) ORDER BY id desc LIMIT 4   [ RunTime:0.0015s ]
INFO: [ view_parse ] --START--
INFO: [ template_filter ] --START--
INFO: Run Behavior\ContentReplaceBehavior [ RunTime:0.001584s ]
INFO: [ template_filter ] --END-- [ RunTime:0.002089s ]
INFO: Run Behavior\ParseTemplateBehavior [ RunTime:0.075070s ]
INFO: [ view_parse ] --END-- [ RunTime:0.075530s ]
INFO: [ view_filter ] --START--
INFO: Run Behavior\WriteHtmlCacheBehavior [ RunTime:0.001824s ]
INFO: [ view_filter ] --END-- [ RunTime:0.002253s ]
INFO: [ app_end ] --START--
INFO: Run Behavior\ShowPageTraceBehavior [ RunTime:0.002855s ]
INFO: [ app_end ] --END-- [ RunTime:0.003288s ]

[ 2016-10-16T23:06:49+08:00 ] 127.0.0.1 /NG-ThinkPHP/
INFO: [ app_init ] --START--
INFO: Run Behavior\BuildLiteBehavior [ RunTime:0.000136s ]
INFO: [ app_init ] --END-- [ RunTime:0.004327s ]
INFO: [ app_begin ] --START--
INFO: Run Behavior\ReadHtmlCacheBehavior [ RunTime:0.004450s ]
INFO: [ app_begin ] --END-- [ RunTime:0.005094s ]
SQL: SHOW COLUMNS FROM `photography` [ RunTime:0.0201s ]
SQL: SELECT * FROM `photography` WHERE ( deleted=0 ) ORDER BY id desc LIMIT 10   [ RunTime:0.0029s ]

[ 2016-10-16T23:07:47+08:00 ] 127.0.0.1 /NG-ThinkPHP/
INFO: [ app_init ] --START--
INFO: Run Behavior\BuildLiteBehavior [ RunTime:0.000103s ]
INFO: [ app_init ] --END-- [ RunTime:0.002408s ]
INFO: [ app_begin ] --START--
INFO: Run Behavior\ReadHtmlCacheBehavior [ RunTime:0.003201s ]
INFO: [ app_begin ] --END-- [ RunTime:0.003690s ]
SQL: SHOW COLUMNS FROM `photography` [ RunTime:0.0210s ]
SQL: SELECT * FROM `photography` WHERE ( deleted=0 and recommend=1 ) ORDER BY id desc LIMIT 4   [ RunTime:0.0019s ]
SQL: SELECT * FROM `photography` WHERE ( deleted=0 ) ORDER BY id desc LIMIT 10   [ RunTime:0.0017s ]
INFO: [ view_parse ] --START--
INFO: [ template_filter ] --START--
INFO: Run Behavior\ContentReplaceBehavior [ RunTime:0.001459s ]
INFO: [ template_filter ] --END-- [ RunTime:0.001977s ]
INFO: Run Behavior\ParseTemplateBehavior [ RunTime:0.088447s ]
INFO: [ view_parse ] --END-- [ RunTime:0.088979s ]
INFO: [ view_filter ] --START--
INFO: Run Behavior\WriteHtmlCacheBehavior [ RunTime:0.003350s ]
INFO: [ view_filter ] --END-- [ RunTime:0.003846s ]
INFO: [ app_end ] --START--
INFO: Run Behavior\ShowPageTraceBehavior [ RunTime:0.005746s ]
INFO: [ app_end ] --END-- [ RunTime:0.006304s ]

[ 2016-10-16T23:12:35+08:00 ] 127.0.0.1 /NG-ThinkPHP/
INFO: [ app_init ] --START--
INFO: Run Behavior\BuildLiteBehavior [ RunTime:0.000111s ]
INFO: [ app_init ] --END-- [ RunTime:0.002719s ]
INFO: [ app_begin ] --START--
INFO: Run Behavior\ReadHtmlCacheBehavior [ RunTime:0.005041s ]
INFO: [ app_begin ] --END-- [ RunTime:0.005754s ]
SQL: SHOW COLUMNS FROM `photography` [ RunTime:0.0186s ]
SQL: SELECT * FROM `photography` WHERE ( deleted=0 and recommend=1 ) ORDER BY id desc LIMIT 4   [ RunTime:0.0018s ]
SQL: SELECT * FROM `photography` WHERE ( deleted=0 ) ORDER BY id desc LIMIT 10   [ RunTime:0.0019s ]

[ 2016-10-16T23:12:56+08:00 ] 127.0.0.1 /NG-ThinkPHP/
INFO: [ app_init ] --START--
INFO: Run Behavior\BuildLiteBehavior [ RunTime:0.000124s ]
INFO: [ app_init ] --END-- [ RunTime:0.002578s ]
INFO: [ app_begin ] --START--
INFO: Run Behavior\ReadHtmlCacheBehavior [ RunTime:0.004579s ]
INFO: [ app_begin ] --END-- [ RunTime:0.005116s ]
SQL: SHOW COLUMNS FROM `photography` [ RunTime:0.0205s ]
SQL: SELECT * FROM `photography` WHERE ( deleted=0 and recommend=1 ) ORDER BY id desc LIMIT 4   [ RunTime:0.0022s ]
SQL: SELECT * FROM `photography` WHERE ( deleted=0 ) ORDER BY id desc LIMIT 10   [ RunTime:0.0020s ]
INFO: [ view_parse ] --START--
INFO: [ template_filter ] --START--
INFO: Run Behavior\ContentReplaceBehavior [ RunTime:0.001228s ]
INFO: [ template_filter ] --END-- [ RunTime:0.001673s ]
INFO: Run Behavior\ParseTemplateBehavior [ RunTime:0.096658s ]
INFO: [ view_parse ] --END-- [ RunTime:0.097238s ]
INFO: [ view_filter ] --START--
INFO: Run Behavior\WriteHtmlCacheBehavior [ RunTime:0.002404s ]
INFO: [ view_filter ] --END-- [ RunTime:0.002887s ]
INFO: [ app_end ] --START--
INFO: Run Behavior\ShowPageTraceBehavior [ RunTime:0.004309s ]
INFO: [ app_end ] --END-- [ RunTime:0.004983s ]

[ 2016-10-16T23:14:39+08:00 ] 127.0.0.1 /NG-ThinkPHP/
INFO: [ app_init ] --START--
INFO: Run Behavior\BuildLiteBehavior [ RunTime:0.000152s ]
INFO: [ app_init ] --END-- [ RunTime:0.006162s ]
INFO: [ app_begin ] --START--
INFO: Run Behavior\ReadHtmlCacheBehavior [ RunTime:0.005407s ]
INFO: [ app_begin ] --END-- [ RunTime:0.006548s ]
SQL: SHOW COLUMNS FROM `photography` [ RunTime:0.0227s ]
SQL: SELECT * FROM `photography` WHERE ( deleted=0 and recommend=1 ) ORDER BY id desc LIMIT 4   [ RunTime:0.0021s ]
SQL: SELECT * FROM `photography` WHERE ( deleted=0 ) ORDER BY id desc LIMIT 10   [ RunTime:0.0021s ]
INFO: [ view_parse ] --START--
INFO: [ template_filter ] --START--
INFO: Run Behavior\ContentReplaceBehavior [ RunTime:0.002365s ]
INFO: [ template_filter ] --END-- [ RunTime:0.003137s ]
INFO: Run Behavior\ParseTemplateBehavior [ RunTime:0.108970s ]
INFO: [ view_parse ] --END-- [ RunTime:0.109524s ]
INFO: [ view_filter ] --START--
INFO: Run Behavior\WriteHtmlCacheBehavior [ RunTime:0.002616s ]
INFO: [ view_filter ] --END-- [ RunTime:0.003046s ]
INFO: [ app_end ] --START--
INFO: Run Behavior\ShowPageTraceBehavior [ RunTime:0.003999s ]
INFO: [ app_end ] --END-- [ RunTime:0.004506s ]

[ 2016-10-16T23:18:22+08:00 ] 127.0.0.1 /NG-ThinkPHP/
INFO: [ app_init ] --START--
INFO: Run Behavior\BuildLiteBehavior [ RunTime:0.000125s ]
INFO: [ app_init ] --END-- [ RunTime:0.003057s ]
INFO: [ app_begin ] --START--
INFO: Run Behavior\ReadHtmlCacheBehavior [ RunTime:0.004618s ]
INFO: [ app_begin ] --END-- [ RunTime:0.005398s ]
SQL: SHOW COLUMNS FROM `photography` [ RunTime:0.0225s ]
SQL: SELECT * FROM `photography` WHERE ( deleted=0 and recommend=1 ) ORDER BY id desc LIMIT 4   [ RunTime:0.0019s ]
SQL: SELECT * FROM `photography` WHERE ( deleted=0 ) ORDER BY id desc LIMIT 10   [ RunTime:0.0020s ]
INFO: [ view_parse ] --START--
INFO: [ template_filter ] --START--
INFO: Run Behavior\ContentReplaceBehavior [ RunTime:0.001157s ]
INFO: [ template_filter ] --END-- [ RunTime:0.001646s ]
INFO: Run Behavior\ParseTemplateBehavior [ RunTime:0.086813s ]
INFO: [ view_parse ] --END-- [ RunTime:0.087679s ]
INFO: [ view_filter ] --START--
INFO: Run Behavior\WriteHtmlCacheBehavior [ RunTime:0.002741s ]
INFO: [ view_filter ] --END-- [ RunTime:0.003198s ]
INFO: [ app_end ] --START--
INFO: Run Behavior\ShowPageTraceBehavior [ RunTime:0.004323s ]
INFO: [ app_end ] --END-- [ RunTime:0.004872s ]

[ 2016-10-16T23:18:29+08:00 ] 127.0.0.1 /NG-ThinkPHP/
INFO: [ app_init ] --START--
INFO: Run Behavior\BuildLiteBehavior [ RunTime:0.000132s ]
INFO: [ app_init ] --END-- [ RunTime:0.003492s ]
INFO: [ app_begin ] --START--
INFO: Run Behavior\ReadHtmlCacheBehavior [ RunTime:0.005415s ]
INFO: [ app_begin ] --END-- [ RunTime:0.006078s ]
SQL: SHOW COLUMNS FROM `photography` [ RunTime:0.0209s ]
SQL: SELECT * FROM `photography` WHERE ( deleted=0 and recommend=1 ) ORDER BY id desc LIMIT 4   [ RunTime:0.0019s ]
SQL: SELECT * FROM `photography` WHERE ( deleted=0 ) ORDER BY id desc LIMIT 10   [ RunTime:0.0019s ]
INFO: [ view_parse ] --START--
INFO: [ template_filter ] --START--
INFO: Run Behavior\ContentReplaceBehavior [ RunTime:0.001315s ]
INFO: [ template_filter ] --END-- [ RunTime:0.002265s ]
INFO: Run Behavior\ParseTemplateBehavior [ RunTime:0.086268s ]
INFO: [ view_parse ] --END-- [ RunTime:0.087054s ]
INFO: [ view_filter ] --START--
INFO: Run Behavior\WriteHtmlCacheBehavior [ RunTime:0.002776s ]
INFO: [ view_filter ] --END-- [ RunTime:0.003255s ]
INFO: [ app_end ] --START--
INFO: Run Behavior\ShowPageTraceBehavior [ RunTime:0.003415s ]
INFO: [ app_end ] --END-- [ RunTime:0.003838s ]

