[ 2016-10-28T13:00:46+08:00 ] 127.0.0.1 /Holland/NG-ThinkPHP/index.php/Admin/Login/login.html
INFO: [ app_init ] --START--
INFO: Run Behavior\BuildLiteBehavior [ RunTime:0.000019s ]
INFO: [ app_init ] --END-- [ RunTime:0.000462s ]
INFO: [ app_begin ] --START--
INFO: Run Behavior\ReadHtmlCacheBehavior [ RunTime:0.000474s ]
INFO: [ app_begin ] --END-- [ RunTime:0.000571s ]
INFO: [ view_parse ] --START--
INFO: [ template_filter ] --START--
INFO: Run Behavior\ContentReplaceBehavior [ RunTime:0.000061s ]
INFO: [ template_filter ] --END-- [ RunTime:0.000154s ]
INFO: Run Behavior\ParseTemplateBehavior [ RunTime:0.012123s ]
INFO: [ view_parse ] --END-- [ RunTime:0.012242s ]
INFO: [ view_filter ] --START--
INFO: Run Behavior\WriteHtmlCacheBehavior [ RunTime:0.000409s ]
INFO: [ view_filter ] --END-- [ RunTime:0.000483s ]
INFO: [ app_end ] --START--
INFO: Run Behavior\ShowPageTraceBehavior [ RunTime:0.000837s ]
INFO: [ app_end ] --END-- [ RunTime:0.000923s ]

[ 2016-10-28T13:00:47+08:00 ] 127.0.0.1 /Holland/NG-ThinkPHP/index.php/Admin/Login/undefined
INFO: [ app_init ] --START--
INFO: Run Behavior\BuildLiteBehavior [ RunTime:0.000021s ]
INFO: [ app_init ] --END-- [ RunTime:0.000475s ]
INFO: [ app_begin ] --START--
INFO: Run Behavior\ReadHtmlCacheBehavior [ RunTime:0.000985s ]
INFO: [ app_begin ] --END-- [ RunTime:0.001199s ]
ERR: 非法操作:undefined

[ 2016-10-28T13:00:48+08:00 ] 127.0.0.1 /Holland/NG-ThinkPHP/index.php/Admin/Login/undefined
INFO: [ app_init ] --START--
INFO: Run Behavior\BuildLiteBehavior [ RunTime:0.000020s ]
INFO: [ app_init ] --END-- [ RunTime:0.000468s ]
INFO: [ app_begin ] --START--
INFO: Run Behavior\ReadHtmlCacheBehavior [ RunTime:0.000488s ]
INFO: [ app_begin ] --END-- [ RunTime:0.000574s ]
ERR: 非法操作:undefined

[ 2016-10-28T13:00:49+08:00 ] 127.0.0.1 /Holland/NG-ThinkPHP/index.php/Admin/Login/undefined
INFO: [ app_init ] --START--
INFO: Run Behavior\BuildLiteBehavior [ RunTime:0.000020s ]
INFO: [ app_init ] --END-- [ RunTime:0.000463s ]
INFO: [ app_begin ] --START--
INFO: Run Behavior\ReadHtmlCacheBehavior [ RunTime:0.000489s ]
INFO: [ app_begin ] --END-- [ RunTime:0.000576s ]
ERR: 非法操作:undefined

[ 2016-10-28T13:00:50+08:00 ] 127.0.0.1 /Holland/NG-ThinkPHP/index.php/Admin/Login/undefined
INFO: [ app_init ] --START--
INFO: Run Behavior\BuildLiteBehavior [ RunTime:0.000020s ]
INFO: [ app_init ] --END-- [ RunTime:0.000454s ]
INFO: [ app_begin ] --START--
INFO: Run Behavior\ReadHtmlCacheBehavior [ RunTime:0.001052s ]
INFO: [ app_begin ] --END-- [ RunTime:0.001493s ]
ERR: 非法操作:undefined

[ 2016-10-28T13:00:51+08:00 ] 127.0.0.1 /Holland/NG-ThinkPHP/index.php/Admin/Login/undefined
INFO: [ app_init ] --START--
INFO: Run Behavior\BuildLiteBehavior [ RunTime:0.000020s ]
INFO: [ app_init ] --END-- [ RunTime:0.000374s ]
INFO: [ app_begin ] --START--
INFO: Run Behavior\ReadHtmlCacheBehavior [ RunTime:0.000421s ]
INFO: [ app_begin ] --END-- [ RunTime:0.000554s ]
ERR: 非法操作:undefined

[ 2016-10-28T13:00:52+08:00 ] 127.0.0.1 /Holland/NG-ThinkPHP/index.php/Admin/Login/check.html
INFO: [ app_init ] --START--
INFO: Run Behavior\BuildLiteBehavior [ RunTime:0.000021s ]
INFO: [ app_init ] --END-- [ RunTime:0.000387s ]
INFO: [ app_begin ] --START--
INFO: Run Behavior\ReadHtmlCacheBehavior [ RunTime:0.000413s ]
INFO: [ app_begin ] --END-- [ RunTime:0.000511s ]
SQL: SHOW COLUMNS FROM `adminuser` [ RunTime:0.0884s ]
SQL: SELECT * FROM `adminuser` WHERE ( username = 'A' and password = '' ) LIMIT 1   [ RunTime:0.0004s ]
INFO: [ view_parse ] --START--
INFO: [ template_filter ] --START--
INFO: Run Behavior\ContentReplaceBehavior [ RunTime:0.000149s ]
INFO: [ template_filter ] --END-- [ RunTime:0.000383s ]
INFO: Run Behavior\ParseTemplateBehavior [ RunTime:0.064215s ]
INFO: [ view_parse ] --END-- [ RunTime:0.064323s ]
INFO: [ view_filter ] --START--
INFO: Run Behavior\WriteHtmlCacheBehavior [ RunTime:0.000309s ]
INFO: [ view_filter ] --END-- [ RunTime:0.000387s ]

[ 2016-10-28T13:00:52+08:00 ] 127.0.0.1 /Holland/NG-ThinkPHP/index.php/Admin/Login/undefined
INFO: [ app_init ] --START--
INFO: Run Behavior\BuildLiteBehavior [ RunTime:0.000030s ]
INFO: [ app_init ] --END-- [ RunTime:0.000794s ]
INFO: [ app_begin ] --START--
INFO: Run Behavior\ReadHtmlCacheBehavior [ RunTime:0.001376s ]
INFO: [ app_begin ] --END-- [ RunTime:0.001645s ]
ERR: 非法操作:undefined

[ 2016-10-28T13:00:55+08:00 ] 127.0.0.1 /Holland/NG-ThinkPHP/index.php/Admin/Login/login.html
INFO: [ app_init ] --START--
INFO: Run Behavior\BuildLiteBehavior [ RunTime:0.000021s ]
INFO: [ app_init ] --END-- [ RunTime:0.000386s ]
INFO: [ app_begin ] --START--
INFO: Run Behavior\ReadHtmlCacheBehavior [ RunTime:0.000476s ]
INFO: [ app_begin ] --END-- [ RunTime:0.000555s ]
INFO: [ view_parse ] --START--
INFO: [ template_filter ] --START--
INFO: Run Behavior\ContentReplaceBehavior [ RunTime:0.000063s ]
INFO: [ template_filter ] --END-- [ RunTime:0.000146s ]
INFO: Run Behavior\ParseTemplateBehavior [ RunTime:0.005241s ]
INFO: [ view_parse ] --END-- [ RunTime:0.005520s ]
INFO: [ view_filter ] --START--
INFO: Run Behavior\WriteHtmlCacheBehavior [ RunTime:0.000369s ]
INFO: [ view_filter ] --END-- [ RunTime:0.000445s ]
INFO: [ app_end ] --START--
INFO: Run Behavior\ShowPageTraceBehavior [ RunTime:0.000501s ]
INFO: [ app_end ] --END-- [ RunTime:0.000579s ]

[ 2016-10-28T13:00:56+08:00 ] 127.0.0.1 /Holland/NG-ThinkPHP/index.php/Admin/Login/undefined
INFO: [ app_init ] --START--
INFO: Run Behavior\BuildLiteBehavior [ RunTime:0.000018s ]
INFO: [ app_init ] --END-- [ RunTime:0.000352s ]
INFO: [ app_begin ] --START--
INFO: Run Behavior\ReadHtmlCacheBehavior [ RunTime:0.000471s ]
INFO: [ app_begin ] --END-- [ RunTime:0.000568s ]
ERR: 非法操作:undefined

[ 2016-10-28T13:00:57+08:00 ] 127.0.0.1 /Holland/NG-ThinkPHP/index.php/Admin/Login/undefined
INFO: [ app_init ] --START--
INFO: Run Behavior\BuildLiteBehavior [ RunTime:0.000022s ]
INFO: [ app_init ] --END-- [ RunTime:0.000400s ]
INFO: [ app_begin ] --START--
INFO: Run Behavior\ReadHtmlCacheBehavior [ RunTime:0.000769s ]
INFO: [ app_begin ] --END-- [ RunTime:0.001005s ]
ERR: 非法操作:undefined

[ 2016-10-28T13:00:58+08:00 ] 127.0.0.1 /Holland/NG-ThinkPHP/index.php/Admin/Login/undefined
INFO: [ app_init ] --START--
INFO: Run Behavior\BuildLiteBehavior [ RunTime:0.000059s ]
INFO: [ app_init ] --END-- [ RunTime:0.000989s ]
INFO: [ app_begin ] --START--
INFO: Run Behavior\ReadHtmlCacheBehavior [ RunTime:0.001383s ]
INFO: [ app_begin ] --END-- [ RunTime:0.001654s ]
ERR: 非法操作:undefined

[ 2016-10-28T13:00:59+08:00 ] 127.0.0.1 /Holland/NG-ThinkPHP/index.php/Admin/Login/undefined
INFO: [ app_init ] --START--
INFO: Run Behavior\BuildLiteBehavior [ RunTime:0.000037s ]
INFO: [ app_init ] --END-- [ RunTime:0.000904s ]
INFO: [ app_begin ] --START--
INFO: Run Behavior\ReadHtmlCacheBehavior [ RunTime:0.001140s ]
INFO: [ app_begin ] --END-- [ RunTime:0.001347s ]
ERR: 非法操作:undefined

[ 2016-10-28T13:01:00+08:00 ] 127.0.0.1 /Holland/NG-ThinkPHP/index.php/Admin/Login/undefined
INFO: [ app_init ] --START--
INFO: Run Behavior\BuildLiteBehavior [ RunTime:0.000024s ]
INFO: [ app_init ] --END-- [ RunTime:0.000607s ]
INFO: [ app_begin ] --START--
INFO: Run Behavior\ReadHtmlCacheBehavior [ RunTime:0.001389s ]
INFO: [ app_begin ] --END-- [ RunTime:0.001581s ]
ERR: 非法操作:undefined

[ 2016-10-28T13:01:01+08:00 ] 127.0.0.1 /Holland/NG-ThinkPHP/index.php/Admin/Login/undefined
INFO: [ app_init ] --START--
INFO: Run Behavior\BuildLiteBehavior [ RunTime:0.000027s ]
INFO: [ app_init ] --END-- [ RunTime:0.001048s ]
INFO: [ app_begin ] --START--
INFO: Run Behavior\ReadHtmlCacheBehavior [ RunTime:0.001144s ]
INFO: [ app_begin ] --END-- [ RunTime:0.001352s ]
ERR: 非法操作:undefined

[ 2016-10-28T13:01:02+08:00 ] 127.0.0.1 /Holland/NG-ThinkPHP/index.php/Admin/Login/undefined
INFO: [ app_init ] --START--
INFO: Run Behavior\BuildLiteBehavior [ RunTime:0.000019s ]
INFO: [ app_init ] --END-- [ RunTime:0.000442s ]
INFO: [ app_begin ] --START--
INFO: Run Behavior\ReadHtmlCacheBehavior [ RunTime:0.000473s ]
INFO: [ app_begin ] --END-- [ RunTime:0.000553s ]
ERR: 非法操作:undefined

[ 2016-10-28T13:01:03+08:00 ] 127.0.0.1 /Holland/NG-ThinkPHP/index.php/Admin/Login/undefined
INFO: [ app_init ] --START--
INFO: Run Behavior\BuildLiteBehavior [ RunTime:0.000022s ]
INFO: [ app_init ] --END-- [ RunTime:0.000445s ]
INFO: [ app_begin ] --START--
INFO: Run Behavior\ReadHtmlCacheBehavior [ RunTime:0.000933s ]
INFO: [ app_begin ] --END-- [ RunTime:0.001135s ]
ERR: 非法操作:undefined

[ 2016-10-28T13:01:04+08:00 ] 127.0.0.1 /Holland/NG-ThinkPHP/index.php/Admin/Login/undefined
INFO: [ app_init ] --START--
INFO: Run Behavior\BuildLiteBehavior [ RunTime:0.000041s ]
INFO: [ app_init ] --END-- [ RunTime:0.000843s ]
INFO: [ app_begin ] --START--
INFO: Run Behavior\ReadHtmlCacheBehavior [ RunTime:0.001582s ]
INFO: [ app_begin ] --END-- [ RunTime:0.001837s ]
ERR: 非法操作:undefined

[ 2016-10-28T13:01:05+08:00 ] 127.0.0.1 /Holland/NG-ThinkPHP/index.php/Admin/Login/undefined
INFO: [ app_init ] --START--
INFO: Run Behavior\BuildLiteBehavior [ RunTime:0.000024s ]
INFO: [ app_init ] --END-- [ RunTime:0.000403s ]
INFO: [ app_begin ] --START--
INFO: Run Behavior\ReadHtmlCacheBehavior [ RunTime:0.000588s ]
INFO: [ app_begin ] --END-- [ RunTime:0.000703s ]
ERR: 非法操作:undefined

[ 2016-10-28T13:01:06+08:00 ] 127.0.0.1 /Holland/NG-ThinkPHP/index.php/Admin/Login/undefined
INFO: [ app_init ] --START--
INFO: Run Behavior\BuildLiteBehavior [ RunTime:0.000020s ]
INFO: [ app_init ] --END-- [ RunTime:0.000364s ]
INFO: [ app_begin ] --START--
INFO: Run Behavior\ReadHtmlCacheBehavior [ RunTime:0.000579s ]
INFO: [ app_begin ] --END-- [ RunTime:0.000678s ]
ERR: 非法操作:undefined

[ 2016-10-28T13:01:07+08:00 ] 127.0.0.1 /Holland/NG-ThinkPHP/index.php/Admin/Login/undefined
INFO: [ app_init ] --START--
INFO: Run Behavior\BuildLiteBehavior [ RunTime:0.000036s ]
INFO: [ app_init ] --END-- [ RunTime:0.000813s ]
INFO: [ app_begin ] --START--
INFO: Run Behavior\ReadHtmlCacheBehavior [ RunTime:0.001234s ]
INFO: [ app_begin ] --END-- [ RunTime:0.001470s ]
ERR: 非法操作:undefined

[ 2016-10-28T13:01:08+08:00 ] 127.0.0.1 /Holland/NG-ThinkPHP/index.php/Admin/Login/undefined
INFO: [ app_init ] --START--
INFO: Run Behavior\BuildLiteBehavior [ RunTime:0.000055s ]
INFO: [ app_init ] --END-- [ RunTime:0.001043s ]
INFO: [ app_begin ] --START--
INFO: Run Behavior\ReadHtmlCacheBehavior [ RunTime:0.000484s ]
INFO: [ app_begin ] --END-- [ RunTime:0.000575s ]
ERR: 非法操作:undefined

[ 2016-10-28T13:01:09+08:00 ] 127.0.0.1 /Holland/NG-ThinkPHP/index.php/Admin/Login/undefined
INFO: [ app_init ] --START--
INFO: Run Behavior\BuildLiteBehavior [ RunTime:0.000024s ]
INFO: [ app_init ] --END-- [ RunTime:0.000466s ]
INFO: [ app_begin ] --START--
INFO: Run Behavior\ReadHtmlCacheBehavior [ RunTime:0.000404s ]
INFO: [ app_begin ] --END-- [ RunTime:0.000485s ]
ERR: 非法操作:undefined

[ 2016-10-28T13:01:10+08:00 ] 127.0.0.1 /Holland/NG-ThinkPHP/index.php/Admin/Login/undefined
INFO: [ app_init ] --START--
INFO: Run Behavior\BuildLiteBehavior [ RunTime:0.000019s ]
INFO: [ app_init ] --END-- [ RunTime:0.000356s ]
INFO: [ app_begin ] --START--
INFO: Run Behavior\ReadHtmlCacheBehavior [ RunTime:0.000876s ]
INFO: [ app_begin ] --END-- [ RunTime:0.001005s ]
ERR: 非法操作:undefined

[ 2016-10-28T13:01:10+08:00 ] 127.0.0.1 /Holland/NG-ThinkPHP/index.php/Admin/Login/check.html
INFO: [ app_init ] --START--
INFO: Run Behavior\BuildLiteBehavior [ RunTime:0.000019s ]
INFO: [ app_init ] --END-- [ RunTime:0.000360s ]
INFO: [ app_begin ] --START--
INFO: Run Behavior\ReadHtmlCacheBehavior [ RunTime:0.000388s ]
INFO: [ app_begin ] --END-- [ RunTime:0.000468s ]
SQL: SHOW COLUMNS FROM `adminuser` [ RunTime:0.0069s ]
SQL: SELECT * FROM `adminuser` WHERE ( username = 'admin' and password = 'admin' ) LIMIT 1   [ RunTime:0.0007s ]
NOTIC: [8] Use of undefined constant id - assumed 'id' E:\wamp\www\Holland\NG-ThinkPHP\Application\Admin\Controller\LoginController.class.php 第 21 行.
INFO: [ app_end ] --START--
INFO: Run Behavior\ShowPageTraceBehavior [ RunTime:0.000584s ]
INFO: [ app_end ] --END-- [ RunTime:0.000660s ]

[ 2016-10-28T13:01:11+08:00 ] 127.0.0.1 /Holland/NG-ThinkPHP/index.php/Admin/Index/index.html
INFO: [ app_init ] --START--
INFO: Run Behavior\BuildLiteBehavior [ RunTime:0.000030s ]
INFO: [ app_init ] --END-- [ RunTime:0.001143s ]
INFO: [ app_begin ] --START--
INFO: Run Behavior\ReadHtmlCacheBehavior [ RunTime:0.000749s ]
INFO: [ app_begin ] --END-- [ RunTime:0.000934s ]
INFO: [ view_parse ] --START--
INFO: [ template_filter ] --START--
INFO: Run Behavior\ContentReplaceBehavior [ RunTime:0.000934s ]
INFO: [ template_filter ] --END-- [ RunTime:0.001362s ]
INFO: Run Behavior\ParseTemplateBehavior [ RunTime:0.252556s ]
INFO: [ view_parse ] --END-- [ RunTime:0.252671s ]
INFO: [ view_filter ] --START--
INFO: Run Behavior\WriteHtmlCacheBehavior [ RunTime:0.000707s ]
INFO: [ view_filter ] --END-- [ RunTime:0.000822s ]
INFO: [ app_end ] --START--
INFO: Run Behavior\ShowPageTraceBehavior [ RunTime:0.000861s ]
INFO: [ app_end ] --END-- [ RunTime:0.001007s ]

[ 2016-10-28T13:01:14+08:00 ] 127.0.0.1 /Holland/NG-ThinkPHP/index.php/Admin/Photo/oper
INFO: [ app_init ] --START--
INFO: Run Behavior\BuildLiteBehavior [ RunTime:0.000020s ]
INFO: [ app_init ] --END-- [ RunTime:0.000445s ]
INFO: [ app_begin ] --START--
INFO: Run Behavior\ReadHtmlCacheBehavior [ RunTime:0.000476s ]
INFO: [ app_begin ] --END-- [ RunTime:0.000562s ]
SQL: SHOW COLUMNS FROM `photography` [ RunTime:0.0192s ]
SQL: SELECT COUNT(*) AS tp_count FROM `photography` WHERE ( deleted=0 and dayphoto=0 ) LIMIT 1   [ RunTime:0.0261s ]
SQL: SELECT p.id,p.title,p.pubtime,p.imagename,p.recommend,p.cateid,c.cname FROM photography p INNER JOIN category c on p.cateid=c.id  WHERE ( p.deleted=0 and p.dayphoto=0 ) ORDER BY p.id desc LIMIT 0,10   [ RunTime:0.0004s ]
SQL: SHOW COLUMNS FROM `category` [ RunTime:0.0022s ]
SQL: SELECT * FROM `category` WHERE fid=0 and deleted=0  [ RunTime:0.0003s ]
NOTIC: [8] Undefined variable: optionOne E:\wamp\www\Holland\NG-ThinkPHP\Application\Common\Common\function.php 第 9 行.
SQL: SELECT * FROM `category` WHERE fid=0 and deleted=0  [ RunTime:0.0003s ]
SQL: SELECT * FROM `category` WHERE fid=1 and deleted=0  [ RunTime:0.0003s ]
NOTIC: [8] Undefined variable: optionTwo E:\wamp\www\Holland\NG-ThinkPHP\Application\Common\Common\function.php 第 23 行.
SQL: SELECT * FROM `category` WHERE fid=2 and deleted=0  [ RunTime:0.0003s ]
SQL: SELECT * FROM `category` WHERE fid=3 and deleted=0  [ RunTime:0.0003s ]
SQL: SELECT * FROM `category` WHERE fid=4 and deleted=0  [ RunTime:0.0003s ]
SQL: SELECT * FROM `category` WHERE fid=13 and deleted=0  [ RunTime:0.0003s ]
SQL: SELECT * FROM `category` WHERE fid=14 and deleted=0  [ RunTime:0.0002s ]
SQL: SELECT * FROM `category` WHERE fid=15 and deleted=0  [ RunTime:0.0003s ]
SQL: SELECT * FROM `category` WHERE fid=16 and deleted=0  [ RunTime:0.0003s ]
SQL: SELECT * FROM `category` WHERE fid=18 and deleted=0  [ RunTime:0.0003s ]
INFO: [ view_parse ] --START--
INFO: [ template_filter ] --START--
INFO: Run Behavior\ContentReplaceBehavior [ RunTime:0.000097s ]
INFO: [ template_filter ] --END-- [ RunTime:0.000188s ]
NOTIC: [8] Undefined variable: v E:\wamp\www\Holland\NG-ThinkPHP\Application\Runtime\Cache\Admin\61b923a656c5994b088a47a17108363e.php 第 171 行.
INFO: Run Behavior\ParseTemplateBehavior [ RunTime:0.022323s ]
INFO: [ view_parse ] --END-- [ RunTime:0.022423s ]
INFO: [ view_filter ] --START--
INFO: Run Behavior\WriteHtmlCacheBehavior [ RunTime:0.000336s ]
INFO: [ view_filter ] --END-- [ RunTime:0.000417s ]
INFO: [ app_end ] --START--
INFO: Run Behavior\ShowPageTraceBehavior [ RunTime:0.000501s ]
INFO: [ app_end ] --END-- [ RunTime:0.000577s ]

[ 2016-10-28T13:01:17+08:00 ] 127.0.0.1 /Holland/NG-ThinkPHP/index.php/Admin/Photo/oper.html?fcid=0&cateid=0&title=&recommend=1&starttime=&endtime=
INFO: [ app_init ] --START--
INFO: Run Behavior\BuildLiteBehavior [ RunTime:0.000021s ]
INFO: [ app_init ] --END-- [ RunTime:0.000378s ]
INFO: [ app_begin ] --START--
INFO: Run Behavior\ReadHtmlCacheBehavior [ RunTime:0.000449s ]
INFO: [ app_begin ] --END-- [ RunTime:0.000549s ]
SQL: SHOW COLUMNS FROM `photography` [ RunTime:0.0023s ]
SQL: SELECT COUNT(*) AS tp_count FROM `photography` WHERE ( deleted=0 and recommend=1 and dayphoto=0 ) LIMIT 1   [ RunTime:0.0003s ]
SQL: SELECT p.id,p.title,p.pubtime,p.imagename,p.recommend,p.cateid,c.cname FROM photography p INNER JOIN category c on p.cateid=c.id  WHERE ( p.deleted=0 and recommend=1 and p.dayphoto=0 ) ORDER BY p.id desc LIMIT 0,10   [ RunTime:0.0004s ]
SQL: SHOW COLUMNS FROM `category` [ RunTime:0.0024s ]
SQL: SELECT * FROM `category` WHERE fid=0 and deleted=0  [ RunTime:0.0009s ]
NOTIC: [8] Undefined variable: optionOne E:\wamp\www\Holland\NG-ThinkPHP\Application\Common\Common\function.php 第 9 行.
SQL: SELECT * FROM `category` WHERE fid=0 and deleted=0  [ RunTime:0.0004s ]
SQL: SELECT * FROM `category` WHERE fid=1 and deleted=0  [ RunTime:0.0003s ]
NOTIC: [8] Undefined variable: optionTwo E:\wamp\www\Holland\NG-ThinkPHP\Application\Common\Common\function.php 第 23 行.
SQL: SELECT * FROM `category` WHERE fid=2 and deleted=0  [ RunTime:0.0004s ]
SQL: SELECT * FROM `category` WHERE fid=3 and deleted=0  [ RunTime:0.0003s ]
SQL: SELECT * FROM `category` WHERE fid=4 and deleted=0  [ RunTime:0.0003s ]
SQL: SELECT * FROM `category` WHERE fid=13 and deleted=0  [ RunTime:0.0003s ]
SQL: SELECT * FROM `category` WHERE fid=14 and deleted=0  [ RunTime:0.0003s ]
SQL: SELECT * FROM `category` WHERE fid=15 and deleted=0  [ RunTime:0.0003s ]
SQL: SELECT * FROM `category` WHERE fid=16 and deleted=0  [ RunTime:0.0003s ]
SQL: SELECT * FROM `category` WHERE fid=18 and deleted=0  [ RunTime:0.0003s ]
INFO: [ view_parse ] --START--
INFO: [ template_filter ] --START--
INFO: Run Behavior\ContentReplaceBehavior [ RunTime:0.000100s ]
INFO: [ template_filter ] --END-- [ RunTime:0.000193s ]
NOTIC: [8] Undefined variable: v E:\wamp\www\Holland\NG-ThinkPHP\Application\Runtime\Cache\Admin\61b923a656c5994b088a47a17108363e.php 第 171 行.
INFO: Run Behavior\ParseTemplateBehavior [ RunTime:0.010177s ]
INFO: [ view_parse ] --END-- [ RunTime:0.010268s ]
INFO: [ view_filter ] --START--
INFO: Run Behavior\WriteHtmlCacheBehavior [ RunTime:0.000262s ]
INFO: [ view_filter ] --END-- [ RunTime:0.000338s ]
INFO: [ app_end ] --START--
INFO: Run Behavior\ShowPageTraceBehavior [ RunTime:0.000426s ]
INFO: [ app_end ] --END-- [ RunTime:0.000502s ]

