[ 2016-10-21T11:00:17+08:00 ] 127.0.0.1 /Holland/NG-ThinkPHP/index.php/Admin/Login/login.html
INFO: [ app_init ] --START--
INFO: Run Behavior\BuildLiteBehavior [ RunTime:0.000021s ]
INFO: [ app_init ] --END-- [ RunTime:0.000775s ]
INFO: [ app_begin ] --START--
INFO: Run Behavior\ReadHtmlCacheBehavior [ RunTime:0.000656s ]
INFO: [ app_begin ] --END-- [ RunTime:0.000761s ]
INFO: [ view_parse ] --START--
INFO: [ template_filter ] --START--
INFO: Run Behavior\ContentReplaceBehavior [ RunTime:0.000092s ]
INFO: [ template_filter ] --END-- [ RunTime:0.000244s ]
INFO: Run Behavior\ParseTemplateBehavior [ RunTime:0.078833s ]
INFO: [ view_parse ] --END-- [ RunTime:0.078997s ]
INFO: [ view_filter ] --START--
INFO: Run Behavior\WriteHtmlCacheBehavior [ RunTime:0.000425s ]
INFO: [ view_filter ] --END-- [ RunTime:0.000534s ]
INFO: [ app_end ] --START--
INFO: Run Behavior\ShowPageTraceBehavior [ RunTime:0.000681s ]
INFO: [ app_end ] --END-- [ RunTime:0.000802s ]

[ 2016-10-21T11:00:19+08:00 ] 127.0.0.1 /Holland/NG-ThinkPHP/index.php/Admin/Login/undefined
INFO: [ app_init ] --START--
INFO: Run Behavior\BuildLiteBehavior [ RunTime:0.000064s ]
INFO: [ app_init ] --END-- [ RunTime:0.001601s ]
INFO: [ app_begin ] --START--
INFO: Run Behavior\ReadHtmlCacheBehavior [ RunTime:0.002179s ]
INFO: [ app_begin ] --END-- [ RunTime:0.002483s ]
ERR: 非法操作:undefined

[ 2016-10-21T11:00:20+08:00 ] 127.0.0.1 /Holland/NG-ThinkPHP/index.php/Admin/Login/undefined
INFO: [ app_init ] --START--
INFO: Run Behavior\BuildLiteBehavior [ RunTime:0.000023s ]
INFO: [ app_init ] --END-- [ RunTime:0.000563s ]
INFO: [ app_begin ] --START--
INFO: Run Behavior\ReadHtmlCacheBehavior [ RunTime:0.000521s ]
INFO: [ app_begin ] --END-- [ RunTime:0.000623s ]
ERR: 非法操作:undefined

[ 2016-10-21T11:00:21+08:00 ] 127.0.0.1 /Holland/NG-ThinkPHP/index.php/Admin/Login/undefined
INFO: [ app_init ] --START--
INFO: Run Behavior\BuildLiteBehavior [ RunTime:0.000018s ]
INFO: [ app_init ] --END-- [ RunTime:0.000381s ]
INFO: [ app_begin ] --START--
INFO: Run Behavior\ReadHtmlCacheBehavior [ RunTime:0.000399s ]
INFO: [ app_begin ] --END-- [ RunTime:0.000478s ]
ERR: 非法操作:undefined

[ 2016-10-21T11:00:22+08:00 ] 127.0.0.1 /Holland/NG-ThinkPHP/index.php/Admin/Login/undefined
INFO: [ app_init ] --START--
INFO: Run Behavior\BuildLiteBehavior [ RunTime:0.000019s ]
INFO: [ app_init ] --END-- [ RunTime:0.000434s ]
INFO: [ app_begin ] --START--
INFO: Run Behavior\ReadHtmlCacheBehavior [ RunTime:0.000484s ]
INFO: [ app_begin ] --END-- [ RunTime:0.000600s ]
ERR: 非法操作:undefined

[ 2016-10-21T11:00:23+08:00 ] 127.0.0.1 /Holland/NG-ThinkPHP/index.php/Admin/Login/undefined
INFO: [ app_init ] --START--
INFO: Run Behavior\BuildLiteBehavior [ RunTime:0.000020s ]
INFO: [ app_init ] --END-- [ RunTime:0.000395s ]
INFO: [ app_begin ] --START--
INFO: Run Behavior\ReadHtmlCacheBehavior [ RunTime:0.000402s ]
INFO: [ app_begin ] --END-- [ RunTime:0.000489s ]
ERR: 非法操作:undefined

[ 2016-10-21T11:00:24+08:00 ] 127.0.0.1 /Holland/NG-ThinkPHP/index.php/Admin/Login/undefined
INFO: [ app_init ] --START--
INFO: Run Behavior\BuildLiteBehavior [ RunTime:0.000025s ]
INFO: [ app_init ] --END-- [ RunTime:0.000485s ]
INFO: [ app_begin ] --START--
INFO: Run Behavior\ReadHtmlCacheBehavior [ RunTime:0.000452s ]
INFO: [ app_begin ] --END-- [ RunTime:0.000548s ]
ERR: 非法操作:undefined

[ 2016-10-21T11:00:25+08:00 ] 127.0.0.1 /Holland/NG-ThinkPHP/index.php/Admin/Login/undefined
INFO: [ app_init ] --START--
INFO: Run Behavior\BuildLiteBehavior [ RunTime:0.000060s ]
INFO: [ app_init ] --END-- [ RunTime:0.001159s ]
INFO: [ app_begin ] --START--
INFO: Run Behavior\ReadHtmlCacheBehavior [ RunTime:0.001713s ]
INFO: [ app_begin ] --END-- [ RunTime:0.001976s ]
ERR: 非法操作:undefined

[ 2016-10-21T11:00:25+08:00 ] 127.0.0.1 /Holland/NG-ThinkPHP/index.php/Admin/Login/check.html
INFO: [ app_init ] --START--
INFO: Run Behavior\BuildLiteBehavior [ RunTime:0.000018s ]
INFO: [ app_init ] --END-- [ RunTime:0.000351s ]
INFO: [ app_begin ] --START--
INFO: Run Behavior\ReadHtmlCacheBehavior [ RunTime:0.000383s ]
INFO: [ app_begin ] --END-- [ RunTime:0.000466s ]
SQL: SHOW COLUMNS FROM `adminuser` [ RunTime:0.0907s ]
SQL: SELECT * FROM `adminuser` WHERE ( username = 'admin' and password = 'admin' ) LIMIT 1   [ RunTime:0.0852s ]
NOTIC: [8] Use of undefined constant id - assumed 'id' E:\wamp\www\Holland\NG-ThinkPHP\Application\Admin\Controller\LoginController.class.php 第 21 行.
INFO: [ app_end ] --START--
INFO: Run Behavior\ShowPageTraceBehavior [ RunTime:0.000666s ]
INFO: [ app_end ] --END-- [ RunTime:0.000808s ]

[ 2016-10-21T11:00:25+08:00 ] 127.0.0.1 /Holland/NG-ThinkPHP/index.php/Admin/Index/index.html
INFO: [ app_init ] --START--
INFO: Run Behavior\BuildLiteBehavior [ RunTime:0.000020s ]
INFO: [ app_init ] --END-- [ RunTime:0.000377s ]
INFO: [ app_begin ] --START--
INFO: Run Behavior\ReadHtmlCacheBehavior [ RunTime:0.000470s ]
INFO: [ app_begin ] --END-- [ RunTime:0.000563s ]
INFO: [ view_parse ] --START--
INFO: [ template_filter ] --START--
INFO: Run Behavior\ContentReplaceBehavior [ RunTime:0.000245s ]
INFO: [ template_filter ] --END-- [ RunTime:0.000570s ]
INFO: Run Behavior\ParseTemplateBehavior [ RunTime:0.014539s ]
INFO: [ view_parse ] --END-- [ RunTime:0.014690s ]
INFO: [ view_filter ] --START--
INFO: Run Behavior\WriteHtmlCacheBehavior [ RunTime:0.000764s ]
INFO: [ view_filter ] --END-- [ RunTime:0.000945s ]
INFO: [ app_end ] --START--
INFO: Run Behavior\ShowPageTraceBehavior [ RunTime:0.001644s ]
INFO: [ app_end ] --END-- [ RunTime:0.001822s ]

[ 2016-10-21T11:49:51+08:00 ] 127.0.0.1 /Holland/NG-ThinkPHP/index.php/Admin/Category/oper
INFO: [ app_init ] --START--
INFO: Run Behavior\BuildLiteBehavior [ RunTime:0.000022s ]
INFO: [ app_init ] --END-- [ RunTime:0.000460s ]
INFO: [ app_begin ] --START--
INFO: Run Behavior\ReadHtmlCacheBehavior [ RunTime:0.000556s ]
INFO: [ app_begin ] --END-- [ RunTime:0.000648s ]
SQL: SHOW COLUMNS FROM `category` [ RunTime:0.0021s ]
SQL: SELECT * FROM `category` WHERE ( fid=0 )  [ RunTime:0.0003s ]
SQL: SELECT * FROM `category` WHERE ( fid=1 )  [ RunTime:0.0003s ]
SQL: SELECT * FROM `category` WHERE ( fid=5 )  [ RunTime:0.0003s ]
SQL: SELECT * FROM `category` WHERE ( fid=6 )  [ RunTime:0.0002s ]
SQL: SELECT * FROM `category` WHERE ( fid=2 )  [ RunTime:0.0003s ]
SQL: SELECT * FROM `category` WHERE ( fid=7 )  [ RunTime:0.0002s ]
SQL: SELECT * FROM `category` WHERE ( fid=8 )  [ RunTime:0.0002s ]
SQL: SELECT * FROM `category` WHERE ( fid=3 )  [ RunTime:0.0003s ]
SQL: SELECT * FROM `category` WHERE ( fid=9 )  [ RunTime:0.0002s ]
SQL: SELECT * FROM `category` WHERE ( fid=10 )  [ RunTime:0.0003s ]
SQL: SELECT * FROM `category` WHERE ( fid=4 )  [ RunTime:0.0003s ]
SQL: SELECT * FROM `category` WHERE ( fid=11 )  [ RunTime:0.0002s ]
SQL: SELECT * FROM `category` WHERE ( fid=12 )  [ RunTime:0.0002s ]
SQL: SELECT * FROM `category` WHERE ( fid=13 )  [ RunTime:0.0002s ]
SQL: SELECT * FROM `category` WHERE ( fid=17 )  [ RunTime:0.0003s ]
SQL: SELECT * FROM `category` WHERE ( fid=14 )  [ RunTime:0.0001s ]
SQL: SELECT * FROM `category` WHERE ( fid=15 )  [ RunTime:0.0001s ]
SQL: SELECT * FROM `category` WHERE ( fid=16 )  [ RunTime:0.0001s ]
SQL: SELECT * FROM `category` WHERE ( fid=18 )  [ RunTime:0.0002s ]
SQL: SELECT * FROM `category` WHERE ( deleted=0 )  [ RunTime:0.0002s ]
INFO: [ view_parse ] --START--
INFO: [ template_filter ] --START--
INFO: Run Behavior\ContentReplaceBehavior [ RunTime:0.000079s ]
INFO: [ template_filter ] --END-- [ RunTime:0.000165s ]
INFO: Run Behavior\ParseTemplateBehavior [ RunTime:0.008506s ]
INFO: [ view_parse ] --END-- [ RunTime:0.008603s ]
INFO: [ view_filter ] --START--
INFO: Run Behavior\WriteHtmlCacheBehavior [ RunTime:0.000371s ]
INFO: [ view_filter ] --END-- [ RunTime:0.000443s ]
INFO: [ app_end ] --START--
INFO: Run Behavior\ShowPageTraceBehavior [ RunTime:0.000528s ]
INFO: [ app_end ] --END-- [ RunTime:0.000603s ]

[ 2016-10-21T11:49:53+08:00 ] 127.0.0.1 /Holland/NG-ThinkPHP/index.php/Admin/Category/update/id/1
INFO: [ app_init ] --START--
INFO: Run Behavior\BuildLiteBehavior [ RunTime:0.000019s ]
INFO: [ app_init ] --END-- [ RunTime:0.000460s ]
INFO: [ app_begin ] --START--
INFO: Run Behavior\ReadHtmlCacheBehavior [ RunTime:0.000518s ]
INFO: [ app_begin ] --END-- [ RunTime:0.000599s ]
SQL: SHOW COLUMNS FROM `category` [ RunTime:0.0019s ]
SQL: SELECT * FROM `category` WHERE ( id=1 ) LIMIT 1   [ RunTime:0.0003s ]
SQL: SELECT * FROM `category` WHERE ( deleted=0 )  [ RunTime:0.0003s ]
INFO: [ view_parse ] --START--
INFO: [ template_filter ] --START--
INFO: Run Behavior\ContentReplaceBehavior [ RunTime:0.000081s ]
INFO: [ template_filter ] --END-- [ RunTime:0.000187s ]
INFO: Run Behavior\ParseTemplateBehavior [ RunTime:0.046621s ]
INFO: [ view_parse ] --END-- [ RunTime:0.046722s ]
INFO: [ view_filter ] --START--
INFO: Run Behavior\WriteHtmlCacheBehavior [ RunTime:0.000337s ]
INFO: [ view_filter ] --END-- [ RunTime:0.000412s ]
INFO: [ app_end ] --START--
INFO: Run Behavior\ShowPageTraceBehavior [ RunTime:0.000460s ]
INFO: [ app_end ] --END-- [ RunTime:0.000536s ]

[ 2016-10-21T12:56:57+08:00 ] 127.0.0.1 /Holland/NG-ThinkPHP/index.php/Admin/Admin/add
INFO: [ app_init ] --START--
INFO: Run Behavior\BuildLiteBehavior [ RunTime:0.000027s ]
INFO: [ app_init ] --END-- [ RunTime:0.000483s ]
INFO: [ app_begin ] --START--
INFO: Run Behavior\ReadHtmlCacheBehavior [ RunTime:0.000557s ]
INFO: [ app_begin ] --END-- [ RunTime:0.000647s ]
INFO: [ view_parse ] --START--
INFO: [ template_filter ] --START--
INFO: Run Behavior\ContentReplaceBehavior [ RunTime:0.000077s ]
INFO: [ template_filter ] --END-- [ RunTime:0.000167s ]
INFO: Run Behavior\ParseTemplateBehavior [ RunTime:0.045985s ]
INFO: [ view_parse ] --END-- [ RunTime:0.046081s ]
INFO: [ view_filter ] --START--
INFO: Run Behavior\WriteHtmlCacheBehavior [ RunTime:0.000506s ]
INFO: [ view_filter ] --END-- [ RunTime:0.000624s ]
INFO: [ app_end ] --START--
INFO: Run Behavior\ShowPageTraceBehavior [ RunTime:0.000573s ]
INFO: [ app_end ] --END-- [ RunTime:0.000650s ]

[ 2016-10-21T12:56:57+08:00 ] 127.0.0.1 /Holland/NG-ThinkPHP/index.php/Admin/Admin/verify.html
INFO: [ app_init ] --START--
INFO: Run Behavior\BuildLiteBehavior [ RunTime:0.000019s ]
INFO: [ app_init ] --END-- [ RunTime:0.000367s ]
INFO: [ app_begin ] --START--
INFO: Run Behavior\ReadHtmlCacheBehavior [ RunTime:0.000413s ]
INFO: [ app_begin ] --END-- [ RunTime:0.000497s ]
INFO: [ app_end ] --START--
INFO: Run Behavior\ShowPageTraceBehavior [ RunTime:0.000928s ]
INFO: [ app_end ] --END-- [ RunTime:0.001099s ]

[ 2016-10-21T14:22:56+08:00 ] 127.0.0.1 /Holland/NG-ThinkPHP/index.php/Admin/Category/add
INFO: [ app_init ] --START--
INFO: Run Behavior\BuildLiteBehavior [ RunTime:0.000019s ]
INFO: [ app_init ] --END-- [ RunTime:0.000391s ]
INFO: [ app_begin ] --START--
INFO: Run Behavior\ReadHtmlCacheBehavior [ RunTime:0.000526s ]
INFO: [ app_begin ] --END-- [ RunTime:0.000609s ]
SQL: SHOW COLUMNS FROM `category` [ RunTime:0.0021s ]
SQL: SELECT * FROM `category` WHERE ( fid=0 )  [ RunTime:0.0004s ]
SQL: SELECT * FROM `category` WHERE ( fid=1 )  [ RunTime:0.0003s ]
SQL: SELECT * FROM `category` WHERE ( fid=5 )  [ RunTime:0.0003s ]
SQL: SELECT * FROM `category` WHERE ( fid=6 )  [ RunTime:0.0003s ]
SQL: SELECT * FROM `category` WHERE ( fid=2 )  [ RunTime:0.0003s ]
SQL: SELECT * FROM `category` WHERE ( fid=7 )  [ RunTime:0.0001s ]
SQL: SELECT * FROM `category` WHERE ( fid=8 )  [ RunTime:0.0003s ]
SQL: SELECT * FROM `category` WHERE ( fid=3 )  [ RunTime:0.0003s ]
SQL: SELECT * FROM `category` WHERE ( fid=9 )  [ RunTime:0.0002s ]
SQL: SELECT * FROM `category` WHERE ( fid=10 )  [ RunTime:0.0003s ]
SQL: SELECT * FROM `category` WHERE ( fid=4 )  [ RunTime:0.0003s ]
SQL: SELECT * FROM `category` WHERE ( fid=11 )  [ RunTime:0.0003s ]
SQL: SELECT * FROM `category` WHERE ( fid=12 )  [ RunTime:0.0003s ]
SQL: SELECT * FROM `category` WHERE ( fid=13 )  [ RunTime:0.0003s ]
SQL: SELECT * FROM `category` WHERE ( fid=17 )  [ RunTime:0.0003s ]
SQL: SELECT * FROM `category` WHERE ( fid=14 )  [ RunTime:0.0002s ]
SQL: SELECT * FROM `category` WHERE ( fid=15 )  [ RunTime:0.0002s ]
SQL: SELECT * FROM `category` WHERE ( fid=16 )  [ RunTime:0.0003s ]
SQL: SELECT * FROM `category` WHERE ( fid=18 )  [ RunTime:0.0002s ]
INFO: [ view_parse ] --START--
INFO: [ template_filter ] --START--
INFO: Run Behavior\ContentReplaceBehavior [ RunTime:0.000076s ]
INFO: [ template_filter ] --END-- [ RunTime:0.000167s ]
INFO: Run Behavior\ParseTemplateBehavior [ RunTime:0.007515s ]
INFO: [ view_parse ] --END-- [ RunTime:0.007599s ]
INFO: [ view_filter ] --START--
INFO: Run Behavior\WriteHtmlCacheBehavior [ RunTime:0.000383s ]
INFO: [ view_filter ] --END-- [ RunTime:0.000479s ]
INFO: [ app_end ] --START--
INFO: Run Behavior\ShowPageTraceBehavior [ RunTime:0.000562s ]
INFO: [ app_end ] --END-- [ RunTime:0.000641s ]

[ 2016-10-21T14:23:01+08:00 ] 127.0.0.1 /Holland/NG-ThinkPHP/index.php/Admin/Dayone/daylist
INFO: [ app_init ] --START--
INFO: Run Behavior\BuildLiteBehavior [ RunTime:0.000019s ]
INFO: [ app_init ] --END-- [ RunTime:0.000412s ]
INFO: [ app_begin ] --START--
INFO: Run Behavior\ReadHtmlCacheBehavior [ RunTime:0.000466s ]
INFO: [ app_begin ] --END-- [ RunTime:0.000546s ]
SQL: SHOW COLUMNS FROM `photography` [ RunTime:0.0026s ]
SQL: SELECT COUNT(*) AS tp_count FROM `photography` WHERE ( deleted=0 and dayphoto=1 ) LIMIT 1   [ RunTime:0.0003s ]
SQL: SELECT * FROM `photography` WHERE ( dayphoto=1 ) ORDER BY id desc LIMIT 0,5   [ RunTime:0.0003s ]
INFO: [ view_parse ] --START--
INFO: [ template_filter ] --START--
INFO: Run Behavior\ContentReplaceBehavior [ RunTime:0.000078s ]
INFO: [ template_filter ] --END-- [ RunTime:0.000165s ]
INFO: Run Behavior\ParseTemplateBehavior [ RunTime:0.046090s ]
INFO: [ view_parse ] --END-- [ RunTime:0.046178s ]
INFO: [ view_filter ] --START--
INFO: Run Behavior\WriteHtmlCacheBehavior [ RunTime:0.000447s ]
INFO: [ view_filter ] --END-- [ RunTime:0.000577s ]
INFO: [ app_end ] --START--
INFO: Run Behavior\ShowPageTraceBehavior [ RunTime:0.000531s ]
INFO: [ app_end ] --END-- [ RunTime:0.000635s ]

[ 2016-10-21T14:23:02+08:00 ] 127.0.0.1 /Holland/NG-ThinkPHP/index.php/Admin/Category/oper
INFO: [ app_init ] --START--
INFO: Run Behavior\BuildLiteBehavior [ RunTime:0.000019s ]
INFO: [ app_init ] --END-- [ RunTime:0.000444s ]
INFO: [ app_begin ] --START--
INFO: Run Behavior\ReadHtmlCacheBehavior [ RunTime:0.000470s ]
INFO: [ app_begin ] --END-- [ RunTime:0.000550s ]
SQL: SHOW COLUMNS FROM `category` [ RunTime:0.0018s ]
SQL: SELECT * FROM `category` WHERE ( fid=0 )  [ RunTime:0.0002s ]
SQL: SELECT * FROM `category` WHERE ( fid=1 )  [ RunTime:0.0001s ]
SQL: SELECT * FROM `category` WHERE ( fid=5 )  [ RunTime:0.0002s ]
SQL: SELECT * FROM `category` WHERE ( fid=6 )  [ RunTime:0.0002s ]
SQL: SELECT * FROM `category` WHERE ( fid=2 )  [ RunTime:0.0003s ]
SQL: SELECT * FROM `category` WHERE ( fid=7 )  [ RunTime:0.0003s ]
SQL: SELECT * FROM `category` WHERE ( fid=8 )  [ RunTime:0.0002s ]
SQL: SELECT * FROM `category` WHERE ( fid=3 )  [ RunTime:0.0002s ]
SQL: SELECT * FROM `category` WHERE ( fid=9 )  [ RunTime:0.0002s ]
SQL: SELECT * FROM `category` WHERE ( fid=10 )  [ RunTime:0.0003s ]
SQL: SELECT * FROM `category` WHERE ( fid=4 )  [ RunTime:0.0003s ]
SQL: SELECT * FROM `category` WHERE ( fid=11 )  [ RunTime:0.0003s ]
SQL: SELECT * FROM `category` WHERE ( fid=12 )  [ RunTime:0.0003s ]
SQL: SELECT * FROM `category` WHERE ( fid=13 )  [ RunTime:0.0003s ]
SQL: SELECT * FROM `category` WHERE ( fid=17 )  [ RunTime:0.0003s ]
SQL: SELECT * FROM `category` WHERE ( fid=14 )  [ RunTime:0.0002s ]
SQL: SELECT * FROM `category` WHERE ( fid=15 )  [ RunTime:0.0003s ]
SQL: SELECT * FROM `category` WHERE ( fid=16 )  [ RunTime:0.0003s ]
SQL: SELECT * FROM `category` WHERE ( fid=18 )  [ RunTime:0.0002s ]
SQL: SELECT * FROM `category` WHERE ( deleted=0 )  [ RunTime:0.0003s ]
INFO: [ view_parse ] --START--
INFO: [ template_filter ] --START--
INFO: Run Behavior\ContentReplaceBehavior [ RunTime:0.000080s ]
INFO: [ template_filter ] --END-- [ RunTime:0.000164s ]
INFO: Run Behavior\ParseTemplateBehavior [ RunTime:0.009563s ]
INFO: [ view_parse ] --END-- [ RunTime:0.009660s ]
INFO: [ view_filter ] --START--
INFO: Run Behavior\WriteHtmlCacheBehavior [ RunTime:0.000420s ]
INFO: [ view_filter ] --END-- [ RunTime:0.000492s ]
INFO: [ app_end ] --START--
INFO: Run Behavior\ShowPageTraceBehavior [ RunTime:0.000484s ]
INFO: [ app_end ] --END-- [ RunTime:0.000559s ]

[ 2016-10-21T17:07:44+08:00 ] 127.0.0.1 /Holland/NG-ThinkPHP/index.php/Admin/Login/login.html
INFO: [ app_init ] --START--
INFO: Run Behavior\BuildLiteBehavior [ RunTime:0.000058s ]
INFO: [ app_init ] --END-- [ RunTime:0.001121s ]
INFO: [ app_begin ] --START--
INFO: Run Behavior\ReadHtmlCacheBehavior [ RunTime:0.000831s ]
INFO: [ app_begin ] --END-- [ RunTime:0.001028s ]
INFO: [ view_parse ] --START--
INFO: [ template_filter ] --START--
INFO: Run Behavior\ContentReplaceBehavior [ RunTime:0.000100s ]
INFO: [ template_filter ] --END-- [ RunTime:0.000254s ]
INFO: Run Behavior\ParseTemplateBehavior [ RunTime:0.008068s ]
INFO: [ view_parse ] --END-- [ RunTime:0.008306s ]
INFO: [ view_filter ] --START--
INFO: Run Behavior\WriteHtmlCacheBehavior [ RunTime:0.000499s ]
INFO: [ view_filter ] --END-- [ RunTime:0.000614s ]
INFO: [ app_end ] --START--
INFO: Run Behavior\ShowPageTraceBehavior [ RunTime:0.000609s ]
INFO: [ app_end ] --END-- [ RunTime:0.000733s ]

[ 2016-10-21T17:07:46+08:00 ] 127.0.0.1 /Holland/NG-ThinkPHP/index.php/Admin/Login/undefined
INFO: [ app_init ] --START--
INFO: Run Behavior\BuildLiteBehavior [ RunTime:0.000022s ]
INFO: [ app_init ] --END-- [ RunTime:0.000486s ]
INFO: [ app_begin ] --START--
INFO: Run Behavior\ReadHtmlCacheBehavior [ RunTime:0.000569s ]
INFO: [ app_begin ] --END-- [ RunTime:0.000659s ]
ERR: 非法操作:undefined

[ 2016-10-21T17:07:46+08:00 ] 127.0.0.1 /Holland/NG-ThinkPHP/index.php/Admin/Login/check.html
INFO: [ app_init ] --START--
INFO: Run Behavior\BuildLiteBehavior [ RunTime:0.000021s ]
INFO: [ app_init ] --END-- [ RunTime:0.000431s ]
INFO: [ app_begin ] --START--
INFO: Run Behavior\ReadHtmlCacheBehavior [ RunTime:0.001589s ]
INFO: [ app_begin ] --END-- [ RunTime:0.001805s ]
SQL: SHOW COLUMNS FROM `adminuser` [ RunTime:0.0041s ]
SQL: SELECT * FROM `adminuser` WHERE ( username = 'admin' and password = 'admin' ) LIMIT 1   [ RunTime:0.0016s ]
NOTIC: [8] Use of undefined constant id - assumed 'id' E:\wamp\www\Holland\NG-ThinkPHP\Application\Admin\Controller\LoginController.class.php 第 21 行.
INFO: [ app_end ] --START--
INFO: Run Behavior\ShowPageTraceBehavior [ RunTime:0.000953s ]
INFO: [ app_end ] --END-- [ RunTime:0.001089s ]

[ 2016-10-21T17:07:46+08:00 ] 127.0.0.1 /Holland/NG-ThinkPHP/index.php/Admin/Index/index.html
INFO: [ app_init ] --START--
INFO: Run Behavior\BuildLiteBehavior [ RunTime:0.000020s ]
INFO: [ app_init ] --END-- [ RunTime:0.000369s ]
INFO: [ app_begin ] --START--
INFO: Run Behavior\ReadHtmlCacheBehavior [ RunTime:0.000480s ]
INFO: [ app_begin ] --END-- [ RunTime:0.000582s ]
INFO: [ view_parse ] --START--
INFO: [ template_filter ] --START--
INFO: Run Behavior\ContentReplaceBehavior [ RunTime:0.000117s ]
INFO: [ template_filter ] --END-- [ RunTime:0.000295s ]
INFO: Run Behavior\ParseTemplateBehavior [ RunTime:0.008848s ]
INFO: [ view_parse ] --END-- [ RunTime:0.008997s ]
INFO: [ view_filter ] --START--
INFO: Run Behavior\WriteHtmlCacheBehavior [ RunTime:0.000554s ]
INFO: [ view_filter ] --END-- [ RunTime:0.000685s ]
INFO: [ app_end ] --START--
INFO: Run Behavior\ShowPageTraceBehavior [ RunTime:0.000701s ]
INFO: [ app_end ] --END-- [ RunTime:0.000826s ]

[ 2016-10-21T17:07:49+08:00 ] 127.0.0.1 /Holland/NG-ThinkPHP/index.php/Admin/Photo/oper
INFO: [ app_init ] --START--
INFO: Run Behavior\BuildLiteBehavior [ RunTime:0.000020s ]
INFO: [ app_init ] --END-- [ RunTime:0.000378s ]
INFO: [ app_begin ] --START--
INFO: Run Behavior\ReadHtmlCacheBehavior [ RunTime:0.000540s ]
INFO: [ app_begin ] --END-- [ RunTime:0.000630s ]
SQL: SHOW COLUMNS FROM `photography` [ RunTime:0.0026s ]
SQL: SELECT COUNT(*) AS tp_count FROM `photography` WHERE ( deleted=0 and dayphoto=0 ) LIMIT 1   [ RunTime:0.0003s ]
SQL: SELECT p.id,p.title,p.pubtime,p.imagename,p.recommend,p.cateid,c.cname FROM photography p INNER JOIN category c on p.cateid=c.id  WHERE ( p.deleted=0 and p.dayphoto=0 ) ORDER BY p.id desc LIMIT 0,10   [ RunTime:0.0004s ]
SQL: SHOW COLUMNS FROM `category` [ RunTime:0.0024s ]
SQL: SELECT * FROM `category` WHERE fid=0 and deleted=0  [ RunTime:0.0002s ]
NOTIC: [8] Undefined variable: optionOne E:\wamp\www\Holland\NG-ThinkPHP\Application\Common\Common\function.php 第 9 行.
SQL: SELECT * FROM `category` WHERE fid=0 and deleted=0  [ RunTime:0.0002s ]
SQL: SELECT * FROM `category` WHERE fid=1 and deleted=0  [ RunTime:0.0002s ]
NOTIC: [8] Undefined variable: optionTwo E:\wamp\www\Holland\NG-ThinkPHP\Application\Common\Common\function.php 第 23 行.
SQL: SELECT * FROM `category` WHERE fid=2 and deleted=0  [ RunTime:0.0002s ]
SQL: SELECT * FROM `category` WHERE fid=3 and deleted=0  [ RunTime:0.0002s ]
SQL: SELECT * FROM `category` WHERE fid=4 and deleted=0  [ RunTime:0.0001s ]
SQL: SELECT * FROM `category` WHERE fid=13 and deleted=0  [ RunTime:0.0001s ]
SQL: SELECT * FROM `category` WHERE fid=14 and deleted=0  [ RunTime:0.0001s ]
SQL: SELECT * FROM `category` WHERE fid=15 and deleted=0  [ RunTime:0.0001s ]
SQL: SELECT * FROM `category` WHERE fid=16 and deleted=0  [ RunTime:0.0001s ]
SQL: SELECT * FROM `category` WHERE fid=18 and deleted=0  [ RunTime:0.0001s ]
INFO: [ view_parse ] --START--
INFO: [ template_filter ] --START--
INFO: Run Behavior\ContentReplaceBehavior [ RunTime:0.000102s ]
INFO: [ template_filter ] --END-- [ RunTime:0.000194s ]
NOTIC: [8] Undefined variable: v E:\wamp\www\Holland\NG-ThinkPHP\Application\Runtime\Cache\Admin\61b923a656c5994b088a47a17108363e.php 第 171 行.
INFO: Run Behavior\ParseTemplateBehavior [ RunTime:0.026937s ]
INFO: [ view_parse ] --END-- [ RunTime:0.027015s ]
INFO: [ view_filter ] --START--
INFO: Run Behavior\WriteHtmlCacheBehavior [ RunTime:0.000369s ]
INFO: [ view_filter ] --END-- [ RunTime:0.000441s ]
INFO: [ app_end ] --START--
INFO: Run Behavior\ShowPageTraceBehavior [ RunTime:0.000478s ]
INFO: [ app_end ] --END-- [ RunTime:0.000556s ]

