[ 2016-10-25T14:37:14+08:00 ] 127.0.0.1 /Holland/NG-ThinkPHP/index.php/Admin/Login/login.html
INFO: [ app_init ] --START--
INFO: Run Behavior\BuildLiteBehavior [ RunTime:0.000032s ]
INFO: [ app_init ] --END-- [ RunTime:0.000656s ]
INFO: [ app_begin ] --START--
INFO: Run Behavior\ReadHtmlCacheBehavior [ RunTime:0.001126s ]
INFO: [ app_begin ] --END-- [ RunTime:0.001310s ]
INFO: [ view_parse ] --START--
INFO: [ template_filter ] --START--
INFO: Run Behavior\ContentReplaceBehavior [ RunTime:0.000060s ]
INFO: [ template_filter ] --END-- [ RunTime:0.000147s ]
INFO: Run Behavior\ParseTemplateBehavior [ RunTime:0.014402s ]
INFO: [ view_parse ] --END-- [ RunTime:0.014505s ]
INFO: [ view_filter ] --START--
INFO: Run Behavior\WriteHtmlCacheBehavior [ RunTime:0.000295s ]
INFO: [ view_filter ] --END-- [ RunTime:0.000364s ]
INFO: [ app_end ] --START--
INFO: Run Behavior\ShowPageTraceBehavior [ RunTime:0.000452s ]
INFO: [ app_end ] --END-- [ RunTime:0.000524s ]

[ 2016-10-25T14:37:15+08:00 ] 127.0.0.1 /Holland/NG-ThinkPHP/index.php/Admin/Login/undefined
INFO: [ app_init ] --START--
INFO: Run Behavior\BuildLiteBehavior [ RunTime:0.000021s ]
INFO: [ app_init ] --END-- [ RunTime:0.000364s ]
INFO: [ app_begin ] --START--
INFO: Run Behavior\ReadHtmlCacheBehavior [ RunTime:0.000442s ]
INFO: [ app_begin ] --END-- [ RunTime:0.000531s ]
ERR: 非法操作:undefined

[ 2016-10-25T14:37:16+08:00 ] 127.0.0.1 /Holland/NG-ThinkPHP/index.php/Admin/Login/undefined
INFO: [ app_init ] --START--
INFO: Run Behavior\BuildLiteBehavior [ RunTime:0.000020s ]
INFO: [ app_init ] --END-- [ RunTime:0.000363s ]
INFO: [ app_begin ] --START--
INFO: Run Behavior\ReadHtmlCacheBehavior [ RunTime:0.000402s ]
INFO: [ app_begin ] --END-- [ RunTime:0.000480s ]
ERR: 非法操作:undefined

[ 2016-10-25T14:37:17+08:00 ] 127.0.0.1 /Holland/NG-ThinkPHP/index.php/Admin/Login/undefined
INFO: [ app_init ] --START--
INFO: Run Behavior\BuildLiteBehavior [ RunTime:0.000020s ]
INFO: [ app_init ] --END-- [ RunTime:0.000371s ]
INFO: [ app_begin ] --START--
INFO: Run Behavior\ReadHtmlCacheBehavior [ RunTime:0.000403s ]
INFO: [ app_begin ] --END-- [ RunTime:0.000484s ]
ERR: 非法操作:undefined

[ 2016-10-25T14:37:18+08:00 ] 127.0.0.1 /Holland/NG-ThinkPHP/index.php/Admin/Login/undefined
INFO: [ app_init ] --START--
INFO: Run Behavior\BuildLiteBehavior [ RunTime:0.000021s ]
INFO: [ app_init ] --END-- [ RunTime:0.000397s ]
INFO: [ app_begin ] --START--
INFO: Run Behavior\ReadHtmlCacheBehavior [ RunTime:0.001267s ]
INFO: [ app_begin ] --END-- [ RunTime:0.001515s ]
ERR: 非法操作:undefined

[ 2016-10-25T14:37:19+08:00 ] 127.0.0.1 /Holland/NG-ThinkPHP/index.php/Admin/Login/undefined
INFO: [ app_init ] --START--
INFO: Run Behavior\BuildLiteBehavior [ RunTime:0.000033s ]
INFO: [ app_init ] --END-- [ RunTime:0.001110s ]
INFO: [ app_begin ] --START--
INFO: Run Behavior\ReadHtmlCacheBehavior [ RunTime:0.001181s ]
INFO: [ app_begin ] --END-- [ RunTime:0.001411s ]
ERR: 非法操作:undefined

[ 2016-10-25T14:37:20+08:00 ] 127.0.0.1 /Holland/NG-ThinkPHP/index.php/Admin/Login/check.html
INFO: [ app_init ] --START--
INFO: Run Behavior\BuildLiteBehavior [ RunTime:0.000022s ]
INFO: [ app_init ] --END-- [ RunTime:0.000436s ]
INFO: [ app_begin ] --START--
INFO: Run Behavior\ReadHtmlCacheBehavior [ RunTime:0.000400s ]
INFO: [ app_begin ] --END-- [ RunTime:0.000488s ]
SQL: SHOW COLUMNS FROM `adminuser` [ RunTime:0.0397s ]
SQL: SELECT * FROM `adminuser` WHERE ( username = 'admin' and password = 'admin' ) LIMIT 1   [ RunTime:0.0003s ]
NOTIC: [8] Use of undefined constant id - assumed 'id' E:\wamp\www\Holland\NG-ThinkPHP\Application\Admin\Controller\LoginController.class.php 第 21 行.
INFO: [ app_end ] --START--
INFO: Run Behavior\ShowPageTraceBehavior [ RunTime:0.000521s ]
INFO: [ app_end ] --END-- [ RunTime:0.000600s ]

[ 2016-10-25T14:37:20+08:00 ] 127.0.0.1 /Holland/NG-ThinkPHP/index.php/Admin/Index/index.html
INFO: [ app_init ] --START--
INFO: Run Behavior\BuildLiteBehavior [ RunTime:0.000020s ]
INFO: [ app_init ] --END-- [ RunTime:0.000354s ]
INFO: [ app_begin ] --START--
INFO: Run Behavior\ReadHtmlCacheBehavior [ RunTime:0.000378s ]
INFO: [ app_begin ] --END-- [ RunTime:0.000459s ]
INFO: [ view_parse ] --START--
INFO: [ template_filter ] --START--
INFO: Run Behavior\ContentReplaceBehavior [ RunTime:0.000077s ]
INFO: [ template_filter ] --END-- [ RunTime:0.000241s ]
INFO: Run Behavior\ParseTemplateBehavior [ RunTime:0.084775s ]
INFO: [ view_parse ] --END-- [ RunTime:0.085122s ]
INFO: [ view_filter ] --START--
INFO: Run Behavior\WriteHtmlCacheBehavior [ RunTime:0.001671s ]
INFO: [ view_filter ] --END-- [ RunTime:0.001803s ]
INFO: [ app_end ] --START--
INFO: Run Behavior\ShowPageTraceBehavior [ RunTime:0.001190s ]
INFO: [ app_end ] --END-- [ RunTime:0.001277s ]

[ 2016-10-25T14:37:29+08:00 ] 127.0.0.1 /Holland/NG-ThinkPHP/index.php/Admin/Photo/oper
INFO: [ app_init ] --START--
INFO: Run Behavior\BuildLiteBehavior [ RunTime:0.000021s ]
INFO: [ app_init ] --END-- [ RunTime:0.000460s ]
INFO: [ app_begin ] --START--
INFO: Run Behavior\ReadHtmlCacheBehavior [ RunTime:0.000401s ]
INFO: [ app_begin ] --END-- [ RunTime:0.000480s ]
SQL: SHOW COLUMNS FROM `photography` [ RunTime:0.0029s ]
SQL: SELECT COUNT(*) AS tp_count FROM `photography` WHERE ( deleted=0 and dayphoto=0 ) LIMIT 1   [ RunTime:0.0003s ]
SQL: SELECT p.id,p.title,p.pubtime,p.imagename,p.recommend,p.cateid,c.cname FROM photography p INNER JOIN category c on p.cateid=c.id  WHERE ( p.deleted=0 and p.dayphoto=0 ) ORDER BY p.id desc LIMIT 0,10   [ RunTime:0.0004s ]
SQL: SHOW COLUMNS FROM `category` [ RunTime:0.0021s ]
SQL: SELECT * FROM `category` WHERE fid=0 and deleted=0  [ RunTime:0.0002s ]
NOTIC: [8] Undefined variable: optionOne E:\wamp\www\Holland\NG-ThinkPHP\Application\Common\Common\function.php 第 9 行.
SQL: SELECT * FROM `category` WHERE fid=0 and deleted=0  [ RunTime:0.0002s ]
SQL: SELECT * FROM `category` WHERE fid=1 and deleted=0  [ RunTime:0.0002s ]
NOTIC: [8] Undefined variable: optionTwo E:\wamp\www\Holland\NG-ThinkPHP\Application\Common\Common\function.php 第 23 行.
SQL: SELECT * FROM `category` WHERE fid=2 and deleted=0  [ RunTime:0.0002s ]
SQL: SELECT * FROM `category` WHERE fid=3 and deleted=0  [ RunTime:0.0002s ]
SQL: SELECT * FROM `category` WHERE fid=4 and deleted=0  [ RunTime:0.0002s ]
SQL: SELECT * FROM `category` WHERE fid=13 and deleted=0  [ RunTime:0.0002s ]
SQL: SELECT * FROM `category` WHERE fid=14 and deleted=0  [ RunTime:0.0002s ]
SQL: SELECT * FROM `category` WHERE fid=15 and deleted=0  [ RunTime:0.0002s ]
SQL: SELECT * FROM `category` WHERE fid=16 and deleted=0  [ RunTime:0.0002s ]
SQL: SELECT * FROM `category` WHERE fid=18 and deleted=0  [ RunTime:0.0002s ]
INFO: [ view_parse ] --START--
INFO: [ template_filter ] --START--
INFO: Run Behavior\ContentReplaceBehavior [ RunTime:0.000090s ]
INFO: [ template_filter ] --END-- [ RunTime:0.000173s ]
NOTIC: [8] Undefined variable: v E:\wamp\www\Holland\NG-ThinkPHP\Application\Runtime\Cache\Admin\61b923a656c5994b088a47a17108363e.php 第 171 行.
INFO: Run Behavior\ParseTemplateBehavior [ RunTime:0.031620s ]
INFO: [ view_parse ] --END-- [ RunTime:0.031743s ]
INFO: [ view_filter ] --START--
INFO: Run Behavior\WriteHtmlCacheBehavior [ RunTime:0.000412s ]
INFO: [ view_filter ] --END-- [ RunTime:0.000526s ]
INFO: [ app_end ] --START--
INFO: Run Behavior\ShowPageTraceBehavior [ RunTime:0.000555s ]
INFO: [ app_end ] --END-- [ RunTime:0.000657s ]

